<?xml version="1.0" encoding="utf-8"?>
<CoverageSession>
  <Summary numSequencePoints="493" visitedSequencePoints="171" numBranchPoints="328" visitedBranchPoints="131" sequenceCoverage="34.68" branchCoverage="39.93" maxCyclomaticComplexity="332" minCyclomaticComplexity="332" visitedClasses="1" numClasses="6" visitedMethods="5" numMethods="18" />
  <Modules>
    <Module hash="C5B4FD21-7F54-4E18-B7D7-C4415CE6B2C8">
      <ModulePath>ChequeEmExtenso.ConsoleApp.dll</ModulePath>
      <ModuleTime>2021-06-01T06:46:13</ModuleTime>
      <ModuleName>ChequeEmExtenso.ConsoleApp</ModuleName>
      <Files>
        <File uid="1" fullPath="C:\Users\theem\source\repos\ChequeEmExtenso.ConsoleApp\ChequeEmExtenso.ConsoleApp\ClasseParaTesteDireto\Numeros.cs" />
        <File uid="2" fullPath="C:\Users\theem\source\repos\ChequeEmExtenso.ConsoleApp\ChequeEmExtenso.ConsoleApp\Controlador.cs" />
        <File uid="3" fullPath="C:\Users\theem\source\repos\ChequeEmExtenso.ConsoleApp\ChequeEmExtenso.ConsoleApp\Dominio.cs" />
        <File uid="4" fullPath="C:\Users\theem\source\repos\ChequeEmExtenso.ConsoleApp\ChequeEmExtenso.ConsoleApp\Excecoes.cs" />
        <File uid="5" fullPath="C:\Users\theem\source\repos\ChequeEmExtenso.ConsoleApp\ChequeEmExtenso.ConsoleApp\Program.cs" />
        <File uid="6" fullPath="C:\Users\theem\source\repos\ChequeEmExtenso.ConsoleApp\ChequeEmExtenso.ConsoleApp\Tela.cs" />
      </Files>
      <Classes>
        <Class>
          <Summary numSequencePoints="218" visitedSequencePoints="171" numBranchPoints="159" visitedBranchPoints="131" sequenceCoverage="78.44" branchCoverage="82.38" maxCyclomaticComplexity="69" minCyclomaticComplexity="8" visitedClasses="1" numClasses="1" visitedMethods="5" numMethods="5" />
          <FullName>ChequeEmExtenso.ConsoleApp.Numeros</FullName>
          <Methods>
            <Method cyclomaticComplexity="10" nPathComplexity="0" sequenceCoverage="58.33" branchCoverage="50" isConstructor="False" isGetter="False" isSetter="False" isStatic="True">
              <Summary numSequencePoints="24" visitedSequencePoints="14" numBranchPoints="10" visitedBranchPoints="5" sequenceCoverage="58.33" branchCoverage="50" maxCyclomaticComplexity="10" minCyclomaticComplexity="10" visitedClasses="0" numClasses="0" visitedMethods="1" numMethods="1" />
              <MetadataToken />
              <Name>System.String ChequeEmExtenso.ConsoleApp.Numeros::Unidades(System.String)</Name>
              <FileRef uid="1" />
              <SequencePoints>
                <SequencePoint vc="21" uspid="31" ordinal="0" sl="31" sc="1" el="31" ec="2" bec="0" bev="0" fileid="1" />
                <SequencePoint vc="21" uspid="32" ordinal="1" sl="32" sc="1" el="32" ec="2" bec="0" bev="0" fileid="1" />
                <SequencePoint vc="21" uspid="33" ordinal="2" sl="33" sc="1" el="33" ec="2" bec="0" bev="0" fileid="1" />
                <SequencePoint vc="21" uspid="34" ordinal="3" sl="34" sc="1" el="34" ec="2" bec="10" bev="5" fileid="1" />
                <SequencePoint vc="8" uspid="37" ordinal="4" sl="37" sc="1" el="37" ec="2" bec="0" bev="0" fileid="1" />
                <SequencePoint vc="8" uspid="38" ordinal="5" sl="38" sc="1" el="38" ec="2" bec="0" bev="0" fileid="1" />
                <SequencePoint vc="0" uspid="40" ordinal="6" sl="40" sc="1" el="40" ec="2" bec="0" bev="0" fileid="1" />
                <SequencePoint vc="0" uspid="41" ordinal="7" sl="41" sc="1" el="41" ec="2" bec="0" bev="0" fileid="1" />
                <SequencePoint vc="0" uspid="43" ordinal="8" sl="43" sc="1" el="43" ec="2" bec="0" bev="0" fileid="1" />
                <SequencePoint vc="0" uspid="44" ordinal="9" sl="44" sc="1" el="44" ec="2" bec="0" bev="0" fileid="1" />
                <SequencePoint vc="0" uspid="46" ordinal="10" sl="46" sc="1" el="46" ec="2" bec="0" bev="0" fileid="1" />
                <SequencePoint vc="0" uspid="47" ordinal="11" sl="47" sc="1" el="47" ec="2" bec="0" bev="0" fileid="1" />
                <SequencePoint vc="7" uspid="49" ordinal="12" sl="49" sc="1" el="49" ec="2" bec="0" bev="0" fileid="1" />
                <SequencePoint vc="7" uspid="50" ordinal="13" sl="50" sc="1" el="50" ec="2" bec="0" bev="0" fileid="1" />
                <SequencePoint vc="4" uspid="52" ordinal="14" sl="52" sc="1" el="52" ec="2" bec="0" bev="0" fileid="1" />
                <SequencePoint vc="4" uspid="53" ordinal="15" sl="53" sc="1" el="53" ec="2" bec="0" bev="0" fileid="1" />
                <SequencePoint vc="0" uspid="55" ordinal="16" sl="55" sc="1" el="55" ec="2" bec="0" bev="0" fileid="1" />
                <SequencePoint vc="0" uspid="56" ordinal="17" sl="56" sc="1" el="56" ec="2" bec="0" bev="0" fileid="1" />
                <SequencePoint vc="0" uspid="58" ordinal="18" sl="58" sc="1" el="58" ec="2" bec="0" bev="0" fileid="1" />
                <SequencePoint vc="0" uspid="59" ordinal="19" sl="59" sc="1" el="59" ec="2" bec="0" bev="0" fileid="1" />
                <SequencePoint vc="2" uspid="61" ordinal="20" sl="61" sc="1" el="61" ec="2" bec="0" bev="0" fileid="1" />
                <SequencePoint vc="2" uspid="62" ordinal="21" sl="62" sc="1" el="62" ec="2" bec="0" bev="0" fileid="1" />
                <SequencePoint vc="21" uspid="64" ordinal="22" sl="64" sc="1" el="64" ec="2" bec="0" bev="0" fileid="1" />
                <SequencePoint vc="21" uspid="65" ordinal="23" sl="65" sc="1" el="65" ec="2" bec="0" bev="0" fileid="1" />
              </SequencePoints>
              <BranchPoints>
                <BranchPoint vc="8" uspid="34" ordinal="1" path="1" offset="21" offsetend="64" sl="34" fileid="1" />
                <BranchPoint vc="0" uspid="34" ordinal="2" path="2" offset="21" offsetend="72" sl="34" fileid="1" />
                <BranchPoint vc="0" uspid="34" ordinal="3" path="3" offset="21" offsetend="80" sl="34" fileid="1" />
                <BranchPoint vc="0" uspid="34" ordinal="4" path="4" offset="21" offsetend="88" sl="34" fileid="1" />
                <BranchPoint vc="7" uspid="34" ordinal="5" path="5" offset="21" offsetend="96" sl="34" fileid="1" />
                <BranchPoint vc="4" uspid="34" ordinal="6" path="6" offset="21" offsetend="104" sl="34" fileid="1" />
                <BranchPoint vc="0" uspid="34" ordinal="7" path="7" offset="21" offsetend="112" sl="34" fileid="1" />
                <BranchPoint vc="0" uspid="34" ordinal="8" path="8" offset="21" offsetend="120" sl="34" fileid="1" />
                <BranchPoint vc="2" uspid="34" ordinal="9" path="9" offset="21" offsetend="128" sl="34" fileid="1" />
                <BranchPoint vc="21" uspid="34" ordinal="0" path="0" offset="21" offsetend="136" sl="34" fileid="1" />
              </BranchPoints>
              <MethodPoint vc="14" uspid="0" p8:type="SequencePoint" ordinal="0" offset="0" sc="0" sl="31" ec="1" el="65" bec="0" bev="0" fileid="1" xmlns:p8="xsi" />
            </Method>
            <Method cyclomaticComplexity="42" nPathComplexity="0" sequenceCoverage="38.77" branchCoverage="59.52" isConstructor="False" isGetter="False" isSetter="False" isStatic="True">
              <Summary numSequencePoints="49" visitedSequencePoints="19" numBranchPoints="42" visitedBranchPoints="25" sequenceCoverage="38.77" branchCoverage="59.52" maxCyclomaticComplexity="42" minCyclomaticComplexity="42" visitedClasses="0" numClasses="0" visitedMethods="1" numMethods="1" />
              <MetadataToken />
              <Name>System.String ChequeEmExtenso.ConsoleApp.Numeros::Dezenas(System.String)</Name>
              <FileRef uid="1" />
              <SequencePoints>
                <SequencePoint vc="17" uspid="68" ordinal="0" sl="68" sc="1" el="68" ec="2" bec="0" bev="0" fileid="1" />
                <SequencePoint vc="17" uspid="69" ordinal="1" sl="69" sc="1" el="69" ec="2" bec="0" bev="0" fileid="1" />
                <SequencePoint vc="17" uspid="70" ordinal="2" sl="70" sc="1" el="70" ec="2" bec="0" bev="0" fileid="1" />
                <SequencePoint vc="17" uspid="71" ordinal="3" sl="71" sc="1" el="71" ec="2" bec="38" bev="21" fileid="1" />
                <SequencePoint vc="6" uspid="74" ordinal="4" sl="74" sc="1" el="74" ec="2" bec="0" bev="0" fileid="1" />
                <SequencePoint vc="6" uspid="75" ordinal="5" sl="75" sc="1" el="75" ec="2" bec="0" bev="0" fileid="1" />
                <SequencePoint vc="0" uspid="77" ordinal="6" sl="77" sc="1" el="77" ec="2" bec="0" bev="0" fileid="1" />
                <SequencePoint vc="0" uspid="78" ordinal="7" sl="78" sc="1" el="78" ec="2" bec="0" bev="0" fileid="1" />
                <SequencePoint vc="0" uspid="80" ordinal="8" sl="80" sc="1" el="80" ec="2" bec="0" bev="0" fileid="1" />
                <SequencePoint vc="0" uspid="81" ordinal="9" sl="81" sc="1" el="81" ec="2" bec="0" bev="0" fileid="1" />
                <SequencePoint vc="0" uspid="83" ordinal="10" sl="83" sc="1" el="83" ec="2" bec="0" bev="0" fileid="1" />
                <SequencePoint vc="0" uspid="84" ordinal="11" sl="84" sc="1" el="84" ec="2" bec="0" bev="0" fileid="1" />
                <SequencePoint vc="0" uspid="86" ordinal="12" sl="86" sc="1" el="86" ec="2" bec="0" bev="0" fileid="1" />
                <SequencePoint vc="0" uspid="87" ordinal="13" sl="87" sc="1" el="87" ec="2" bec="0" bev="0" fileid="1" />
                <SequencePoint vc="0" uspid="89" ordinal="14" sl="89" sc="1" el="89" ec="2" bec="0" bev="0" fileid="1" />
                <SequencePoint vc="0" uspid="90" ordinal="15" sl="90" sc="1" el="90" ec="2" bec="0" bev="0" fileid="1" />
                <SequencePoint vc="0" uspid="92" ordinal="16" sl="92" sc="1" el="92" ec="2" bec="0" bev="0" fileid="1" />
                <SequencePoint vc="0" uspid="93" ordinal="17" sl="93" sc="1" el="93" ec="2" bec="0" bev="0" fileid="1" />
                <SequencePoint vc="0" uspid="95" ordinal="18" sl="95" sc="1" el="95" ec="2" bec="0" bev="0" fileid="1" />
                <SequencePoint vc="0" uspid="96" ordinal="19" sl="96" sc="1" el="96" ec="2" bec="0" bev="0" fileid="1" />
                <SequencePoint vc="0" uspid="98" ordinal="20" sl="98" sc="1" el="98" ec="2" bec="0" bev="0" fileid="1" />
                <SequencePoint vc="0" uspid="99" ordinal="21" sl="99" sc="1" el="99" ec="2" bec="0" bev="0" fileid="1" />
                <SequencePoint vc="0" uspid="101" ordinal="22" sl="101" sc="1" el="101" ec="2" bec="0" bev="0" fileid="1" />
                <SequencePoint vc="0" uspid="102" ordinal="23" sl="102" sc="1" el="102" ec="2" bec="0" bev="0" fileid="1" />
                <SequencePoint vc="2" uspid="104" ordinal="24" sl="104" sc="1" el="104" ec="2" bec="0" bev="0" fileid="1" />
                <SequencePoint vc="2" uspid="105" ordinal="25" sl="105" sc="1" el="105" ec="2" bec="0" bev="0" fileid="1" />
                <SequencePoint vc="0" uspid="107" ordinal="26" sl="107" sc="1" el="107" ec="2" bec="0" bev="0" fileid="1" />
                <SequencePoint vc="0" uspid="108" ordinal="27" sl="108" sc="1" el="108" ec="2" bec="0" bev="0" fileid="1" />
                <SequencePoint vc="0" uspid="110" ordinal="28" sl="110" sc="1" el="110" ec="2" bec="0" bev="0" fileid="1" />
                <SequencePoint vc="0" uspid="111" ordinal="29" sl="111" sc="1" el="111" ec="2" bec="0" bev="0" fileid="1" />
                <SequencePoint vc="0" uspid="113" ordinal="30" sl="113" sc="1" el="113" ec="2" bec="0" bev="0" fileid="1" />
                <SequencePoint vc="0" uspid="114" ordinal="31" sl="114" sc="1" el="114" ec="2" bec="0" bev="0" fileid="1" />
                <SequencePoint vc="0" uspid="116" ordinal="32" sl="116" sc="1" el="116" ec="2" bec="0" bev="0" fileid="1" />
                <SequencePoint vc="0" uspid="117" ordinal="33" sl="117" sc="1" el="117" ec="2" bec="0" bev="0" fileid="1" />
                <SequencePoint vc="0" uspid="119" ordinal="34" sl="119" sc="1" el="119" ec="2" bec="0" bev="0" fileid="1" />
                <SequencePoint vc="0" uspid="120" ordinal="35" sl="120" sc="1" el="120" ec="2" bec="0" bev="0" fileid="1" />
                <SequencePoint vc="0" uspid="122" ordinal="36" sl="122" sc="1" el="122" ec="2" bec="0" bev="0" fileid="1" />
                <SequencePoint vc="0" uspid="123" ordinal="37" sl="123" sc="1" el="123" ec="2" bec="0" bev="0" fileid="1" />
                <SequencePoint vc="2" uspid="125" ordinal="38" sl="125" sc="1" el="125" ec="2" bec="0" bev="0" fileid="1" />
                <SequencePoint vc="2" uspid="126" ordinal="39" sl="126" sc="1" el="126" ec="2" bec="0" bev="0" fileid="1" />
                <SequencePoint vc="7" uspid="128" ordinal="40" sl="128" sc="1" el="128" ec="2" bec="2" bev="2" fileid="1" />
                <SequencePoint vc="7" uspid="129" ordinal="41" sl="129" sc="1" el="129" ec="2" bec="0" bev="0" fileid="1" />
                <SequencePoint vc="7" uspid="130" ordinal="42" sl="130" sc="1" el="130" ec="2" bec="2" bev="2" fileid="1" />
                <SequencePoint vc="3" uspid="131" ordinal="43" sl="131" sc="1" el="131" ec="2" bec="0" bev="0" fileid="1" />
                <SequencePoint vc="4" uspid="134" ordinal="44" sl="134" sc="1" el="134" ec="2" bec="0" bev="0" fileid="1" />
                <SequencePoint vc="7" uspid="136" ordinal="45" sl="136" sc="1" el="136" ec="2" bec="0" bev="0" fileid="1" />
                <SequencePoint vc="7" uspid="137" ordinal="46" sl="137" sc="1" el="137" ec="2" bec="0" bev="0" fileid="1" />
                <SequencePoint vc="17" uspid="139" ordinal="47" sl="139" sc="1" el="139" ec="2" bec="0" bev="0" fileid="1" />
                <SequencePoint vc="17" uspid="140" ordinal="48" sl="140" sc="1" el="140" ec="2" bec="0" bev="0" fileid="1" />
              </SequencePoints>
              <BranchPoints>
                <BranchPoint vc="13" uspid="71" ordinal="0" path="0" offset="17" offsetend="19" sl="71" fileid="1" />
                <BranchPoint vc="3" uspid="71" ordinal="2" path="0" offset="23" offsetend="114" sl="71" fileid="1" />
                <BranchPoint vc="3" uspid="71" ordinal="24" path="0" offset="117" offsetend="124" sl="71" fileid="1" />
                <BranchPoint vc="4" uspid="71" ordinal="1" path="1" offset="17" offsetend="137" sl="71" fileid="1" />
                <BranchPoint vc="0" uspid="71" ordinal="28" path="0" offset="140" offsetend="142" sl="71" fileid="1" />
                <BranchPoint vc="0" uspid="71" ordinal="30" path="0" offset="145" offsetend="152" sl="71" fileid="1" />
                <BranchPoint vc="4" uspid="71" ordinal="29" path="1" offset="140" offsetend="165" sl="71" fileid="1" />
                <BranchPoint vc="4" uspid="71" ordinal="34" path="0" offset="168" offsetend="175" sl="71" fileid="1" />
                <BranchPoint vc="6" uspid="71" ordinal="3" path="1" offset="23" offsetend="188" sl="71" fileid="1" />
                <BranchPoint vc="0" uspid="71" ordinal="4" path="2" offset="23" offsetend="199" sl="71" fileid="1" />
                <BranchPoint vc="0" uspid="71" ordinal="5" path="3" offset="23" offsetend="210" sl="71" fileid="1" />
                <BranchPoint vc="0" uspid="71" ordinal="6" path="4" offset="23" offsetend="221" sl="71" fileid="1" />
                <BranchPoint vc="0" uspid="71" ordinal="7" path="5" offset="23" offsetend="232" sl="71" fileid="1" />
                <BranchPoint vc="0" uspid="71" ordinal="8" path="6" offset="23" offsetend="243" sl="71" fileid="1" />
                <BranchPoint vc="0" uspid="71" ordinal="9" path="7" offset="23" offsetend="254" sl="71" fileid="1" />
                <BranchPoint vc="0" uspid="71" ordinal="10" path="8" offset="23" offsetend="265" sl="71" fileid="1" />
                <BranchPoint vc="0" uspid="71" ordinal="11" path="9" offset="23" offsetend="276" sl="71" fileid="1" />
                <BranchPoint vc="0" uspid="71" ordinal="12" path="10" offset="23" offsetend="287" sl="71" fileid="1" />
                <BranchPoint vc="2" uspid="71" ordinal="13" path="11" offset="23" offsetend="298" sl="71" fileid="1" />
                <BranchPoint vc="0" uspid="71" ordinal="23" path="21" offset="23" offsetend="309" sl="71" fileid="1" />
                <BranchPoint vc="0" uspid="71" ordinal="25" path="1" offset="117" offsetend="320" sl="71" fileid="1" />
                <BranchPoint vc="0" uspid="71" ordinal="27" path="1" offset="127" offsetend="331" sl="71" fileid="1" />
                <BranchPoint vc="0" uspid="71" ordinal="31" path="1" offset="145" offsetend="339" sl="71" fileid="1" />
                <BranchPoint vc="0" uspid="71" ordinal="33" path="1" offset="155" offsetend="347" sl="71" fileid="1" />
                <BranchPoint vc="0" uspid="71" ordinal="35" path="1" offset="168" offsetend="355" sl="71" fileid="1" />
                <BranchPoint vc="2" uspid="71" ordinal="37" path="1" offset="178" offsetend="363" sl="71" fileid="1" />
                <BranchPoint vc="7" uspid="71" ordinal="14" path="12" offset="23" offsetend="371" sl="71" fileid="1" />
                <BranchPoint vc="7" uspid="71" ordinal="15" path="13" offset="23" offsetend="371" sl="71" fileid="1" />
                <BranchPoint vc="7" uspid="71" ordinal="16" path="14" offset="23" offsetend="371" sl="71" fileid="1" />
                <BranchPoint vc="7" uspid="71" ordinal="17" path="15" offset="23" offsetend="371" sl="71" fileid="1" />
                <BranchPoint vc="7" uspid="71" ordinal="18" path="16" offset="23" offsetend="371" sl="71" fileid="1" />
                <BranchPoint vc="7" uspid="71" ordinal="19" path="17" offset="23" offsetend="371" sl="71" fileid="1" />
                <BranchPoint vc="7" uspid="71" ordinal="20" path="18" offset="23" offsetend="371" sl="71" fileid="1" />
                <BranchPoint vc="7" uspid="71" ordinal="21" path="19" offset="23" offsetend="371" sl="71" fileid="1" />
                <BranchPoint vc="7" uspid="71" ordinal="22" path="20" offset="23" offsetend="371" sl="71" fileid="1" />
                <BranchPoint vc="7" uspid="71" ordinal="26" path="0" offset="127" offsetend="371" sl="71" fileid="1" />
                <BranchPoint vc="7" uspid="71" ordinal="32" path="0" offset="155" offsetend="371" sl="71" fileid="1" />
                <BranchPoint vc="7" uspid="71" ordinal="36" path="0" offset="178" offsetend="371" sl="71" fileid="1" />
                <BranchPoint vc="7" uspid="128" ordinal="38" path="0" offset="379" offsetend="381" sl="128" fileid="1" />
                <BranchPoint vc="3" uspid="130" ordinal="40" path="0" offset="397" offsetend="399" sl="130" fileid="1" />
                <BranchPoint vc="4" uspid="130" ordinal="41" path="1" offset="397" offsetend="415" sl="130" fileid="1" />
                <BranchPoint vc="17" uspid="128" ordinal="39" path="1" offset="379" offsetend="466" sl="128" fileid="1" />
              </BranchPoints>
              <MethodPoint vc="19" uspid="0" p8:type="SequencePoint" ordinal="1" offset="1" sc="0" sl="68" ec="1" el="140" bec="0" bev="0" fileid="1" xmlns:p8="xsi" />
            </Method>
            <Method cyclomaticComplexity="69" nPathComplexity="0" sequenceCoverage="94.8" branchCoverage="95.65" isConstructor="False" isGetter="False" isSetter="False" isStatic="True">
              <Summary numSequencePoints="77" visitedSequencePoints="73" numBranchPoints="69" visitedBranchPoints="66" sequenceCoverage="94.8" branchCoverage="95.65" maxCyclomaticComplexity="69" minCyclomaticComplexity="69" visitedClasses="0" numClasses="0" visitedMethods="1" numMethods="1" />
              <MetadataToken />
              <Name>System.String ChequeEmExtenso.ConsoleApp.Numeros::ConveterNumerosGrandes(System.String)</Name>
              <FileRef uid="1" />
              <SequencePoints>
                <SequencePoint vc="52" uspid="143" ordinal="0" sl="143" sc="1" el="143" ec="2" bec="0" bev="0" fileid="1" />
                <SequencePoint vc="52" uspid="144" ordinal="1" sl="144" sc="1" el="144" ec="2" bec="0" bev="0" fileid="1" />
                <SequencePoint vc="52" uspid="146" ordinal="2" sl="146" sc="1" el="146" ec="2" bec="0" bev="0" fileid="1" />
                <SequencePoint vc="52" uspid="147" ordinal="3" sl="147" sc="1" el="147" ec="2" bec="0" bev="0" fileid="1" />
                <SequencePoint vc="52" uspid="148" ordinal="4" sl="148" sc="1" el="148" ec="2" bec="0" bev="0" fileid="1" />
                <SequencePoint vc="52" uspid="149" ordinal="5" sl="149" sc="1" el="149" ec="2" bec="0" bev="0" fileid="1" />
                <SequencePoint vc="52" uspid="151" ordinal="6" sl="151" sc="1" el="151" ec="2" bec="2" bev="2" fileid="1" />
                <SequencePoint vc="39" uspid="152" ordinal="7" sl="152" sc="1" el="152" ec="2" bec="0" bev="0" fileid="1" />
                <SequencePoint vc="39" uspid="153" ordinal="8" sl="153" sc="1" el="153" ec="2" bec="0" bev="0" fileid="1" />
                <SequencePoint vc="39" uspid="155" ordinal="9" sl="155" sc="1" el="155" ec="2" bec="0" bev="0" fileid="1" />
                <SequencePoint vc="39" uspid="156" ordinal="10" sl="156" sc="1" el="156" ec="2" bec="0" bev="0" fileid="1" />
                <SequencePoint vc="39" uspid="157" ordinal="11" sl="157" sc="1" el="157" ec="2" bec="0" bev="0" fileid="1" />
                <SequencePoint vc="39" uspid="158" ordinal="12" sl="158" sc="1" el="158" ec="2" bec="13" bev="12" fileid="1" />
                <SequencePoint vc="8" uspid="162" ordinal="13" sl="162" sc="1" el="162" ec="2" bec="0" bev="0" fileid="1" />
                <SequencePoint vc="8" uspid="163" ordinal="14" sl="163" sc="1" el="163" ec="2" bec="0" bev="0" fileid="1" />
                <SequencePoint vc="8" uspid="164" ordinal="15" sl="164" sc="1" el="164" ec="2" bec="0" bev="0" fileid="1" />
                <SequencePoint vc="11" uspid="166" ordinal="16" sl="166" sc="1" el="166" ec="2" bec="0" bev="0" fileid="1" />
                <SequencePoint vc="11" uspid="167" ordinal="17" sl="167" sc="1" el="167" ec="2" bec="0" bev="0" fileid="1" />
                <SequencePoint vc="11" uspid="168" ordinal="18" sl="168" sc="1" el="168" ec="2" bec="0" bev="0" fileid="1" />
                <SequencePoint vc="10" uspid="170" ordinal="19" sl="170" sc="1" el="170" ec="2" bec="0" bev="0" fileid="1" />
                <SequencePoint vc="10" uspid="171" ordinal="20" sl="171" sc="1" el="171" ec="2" bec="0" bev="0" fileid="1" />
                <SequencePoint vc="10" uspid="173" ordinal="21" sl="173" sc="1" el="173" ec="2" bec="4" bev="4" fileid="1" />
                <SequencePoint vc="1" uspid="174" ordinal="22" sl="174" sc="1" el="174" ec="2" bec="0" bev="0" fileid="1" />
                <SequencePoint vc="10" uspid="176" ordinal="23" sl="176" sc="1" el="176" ec="2" bec="4" bev="4" fileid="1" />
                <SequencePoint vc="3" uspid="177" ordinal="24" sl="177" sc="1" el="177" ec="2" bec="2" bev="2" fileid="1" />
                <SequencePoint vc="1" uspid="178" ordinal="25" sl="178" sc="1" el="178" ec="2" bec="0" bev="0" fileid="1" />
                <SequencePoint vc="2" uspid="180" ordinal="26" sl="180" sc="1" el="180" ec="2" bec="0" bev="0" fileid="1" />
                <SequencePoint vc="10" uspid="182" ordinal="27" sl="182" sc="1" el="182" ec="2" bec="4" bev="4" fileid="1" />
                <SequencePoint vc="2" uspid="183" ordinal="28" sl="183" sc="1" el="183" ec="2" bec="2" bev="2" fileid="1" />
                <SequencePoint vc="1" uspid="184" ordinal="29" sl="184" sc="1" el="184" ec="2" bec="0" bev="0" fileid="1" />
                <SequencePoint vc="1" uspid="186" ordinal="30" sl="186" sc="1" el="186" ec="2" bec="0" bev="0" fileid="1" />
                <SequencePoint vc="10" uspid="188" ordinal="31" sl="188" sc="1" el="188" ec="2" bec="0" bev="0" fileid="1" />
                <SequencePoint vc="5" uspid="192" ordinal="32" sl="192" sc="1" el="192" ec="2" bec="0" bev="0" fileid="1" />
                <SequencePoint vc="5" uspid="193" ordinal="33" sl="193" sc="1" el="193" ec="2" bec="0" bev="0" fileid="1" />
                <SequencePoint vc="5" uspid="194" ordinal="34" sl="194" sc="1" el="194" ec="2" bec="4" bev="3" fileid="1" />
                <SequencePoint vc="1" uspid="195" ordinal="35" sl="195" sc="1" el="195" ec="2" bec="0" bev="0" fileid="1" />
                <SequencePoint vc="5" uspid="196" ordinal="36" sl="196" sc="1" el="196" ec="2" bec="0" bev="0" fileid="1" />
                <SequencePoint vc="4" uspid="200" ordinal="37" sl="200" sc="1" el="200" ec="2" bec="0" bev="0" fileid="1" />
                <SequencePoint vc="4" uspid="201" ordinal="38" sl="201" sc="1" el="201" ec="2" bec="0" bev="0" fileid="1" />
                <SequencePoint vc="4" uspid="202" ordinal="39" sl="202" sc="1" el="202" ec="2" bec="4" bev="4" fileid="1" />
                <SequencePoint vc="2" uspid="203" ordinal="40" sl="203" sc="1" el="203" ec="2" bec="0" bev="0" fileid="1" />
                <SequencePoint vc="4" uspid="204" ordinal="41" sl="204" sc="1" el="204" ec="2" bec="0" bev="0" fileid="1" />
                <SequencePoint vc="1" uspid="209" ordinal="42" sl="209" sc="1" el="209" ec="2" bec="0" bev="0" fileid="1" />
                <SequencePoint vc="1" uspid="210" ordinal="43" sl="210" sc="1" el="210" ec="2" bec="0" bev="0" fileid="1" />
                <SequencePoint vc="1" uspid="211" ordinal="44" sl="211" sc="1" el="211" ec="2" bec="4" bev="3" fileid="1" />
                <SequencePoint vc="1" uspid="212" ordinal="45" sl="212" sc="1" el="212" ec="2" bec="0" bev="0" fileid="1" />
                <SequencePoint vc="1" uspid="213" ordinal="46" sl="213" sc="1" el="213" ec="2" bec="0" bev="0" fileid="1" />
                <SequencePoint vc="0" uspid="216" ordinal="47" sl="216" sc="1" el="216" ec="2" bec="0" bev="0" fileid="1" />
                <SequencePoint vc="0" uspid="217" ordinal="48" sl="217" sc="1" el="217" ec="2" bec="0" bev="0" fileid="1" />
                <SequencePoint vc="39" uspid="220" ordinal="49" sl="220" sc="1" el="220" ec="2" bec="0" bev="0" fileid="1" />
                <SequencePoint vc="39" uspid="222" ordinal="50" sl="222" sc="1" el="222" ec="2" bec="2" bev="2" fileid="1" />
                <SequencePoint vc="20" uspid="223" ordinal="51" sl="223" sc="1" el="223" ec="2" bec="0" bev="0" fileid="1" />
                <SequencePoint vc="20" uspid="224" ordinal="52" sl="224" sc="1" el="224" ec="2" bec="4" bev="4" fileid="1" />
                <SequencePoint vc="19" uspid="225" ordinal="53" sl="225" sc="1" el="225" ec="2" bec="0" bev="0" fileid="1" />
                <SequencePoint vc="19" uspid="226" ordinal="54" sl="226" sc="1" el="226" ec="2" bec="10" bev="10" fileid="1" />
                <SequencePoint vc="13" uspid="227" ordinal="55" sl="227" sc="1" el="227" ec="2" bec="0" bev="0" fileid="1" />
                <SequencePoint vc="13" uspid="229" ordinal="56" sl="229" sc="1" el="229" ec="2" bec="0" bev="0" fileid="1" />
                <SequencePoint vc="13" uspid="230" ordinal="57" sl="230" sc="1" el="230" ec="2" bec="0" bev="0" fileid="1" />
                <SequencePoint vc="13" uspid="231" ordinal="58" sl="231" sc="1" el="231" ec="2" bec="0" bev="0" fileid="1" />
                <SequencePoint vc="0" uspid="232" ordinal="59" sl="232" sc="1" el="232" ec="2" bec="0" bev="0" fileid="1" />
                <SequencePoint vc="13" uspid="233" ordinal="60" sl="233" sc="1" el="233" ec="2" bec="0" bev="0" fileid="1" />
                <SequencePoint vc="6" uspid="235" ordinal="61" sl="235" sc="1" el="235" ec="2" bec="2" bev="2" fileid="1" />
                <SequencePoint vc="1" uspid="236" ordinal="62" sl="236" sc="1" el="236" ec="2" bec="0" bev="0" fileid="1" />
                <SequencePoint vc="5" uspid="238" ordinal="63" sl="238" sc="1" el="238" ec="2" bec="4" bev="4" fileid="1" />
                <SequencePoint vc="3" uspid="239" ordinal="64" sl="239" sc="1" el="239" ec="2" bec="0" bev="0" fileid="1" />
                <SequencePoint vc="2" uspid="241" ordinal="65" sl="241" sc="1" el="241" ec="2" bec="4" bev="4" fileid="1" />
                <SequencePoint vc="2" uspid="242" ordinal="66" sl="242" sc="1" el="242" ec="2" bec="0" bev="0" fileid="1" />
                <SequencePoint vc="19" uspid="244" ordinal="67" sl="244" sc="1" el="244" ec="2" bec="0" bev="0" fileid="1" />
                <SequencePoint vc="1" uspid="246" ordinal="68" sl="246" sc="1" el="246" ec="2" bec="0" bev="0" fileid="1" />
                <SequencePoint vc="1" uspid="247" ordinal="69" sl="247" sc="1" el="247" ec="2" bec="0" bev="0" fileid="1" />
                <SequencePoint vc="1" uspid="248" ordinal="70" sl="248" sc="1" el="248" ec="2" bec="0" bev="0" fileid="1" />
                <SequencePoint vc="20" uspid="252" ordinal="71" sl="252" sc="1" el="252" ec="2" bec="0" bev="0" fileid="1" />
                <SequencePoint vc="39" uspid="255" ordinal="72" sl="255" sc="1" el="255" ec="2" bec="0" bev="0" fileid="1" />
                <SequencePoint vc="52" uspid="256" ordinal="73" sl="256" sc="1" el="256" ec="2" bec="0" bev="0" fileid="1" />
                <SequencePoint vc="0" uspid="257" ordinal="74" sl="257" sc="1" el="257" ec="2" bec="0" bev="0" fileid="1" />
                <SequencePoint vc="52" uspid="261" ordinal="75" sl="261" sc="1" el="261" ec="2" bec="0" bev="0" fileid="1" />
                <SequencePoint vc="52" uspid="262" ordinal="76" sl="262" sc="1" el="262" ec="2" bec="0" bev="0" fileid="1" />
              </SequencePoints>
              <BranchPoints>
                <BranchPoint vc="39" uspid="151" ordinal="0" path="0" offset="35" offsetend="40" sl="151" fileid="1" />
                <BranchPoint vc="8" uspid="158" ordinal="3" path="1" offset="83" offsetend="141" sl="158" fileid="1" />
                <BranchPoint vc="11" uspid="158" ordinal="4" path="2" offset="83" offsetend="156" sl="158" fileid="1" />
                <BranchPoint vc="10" uspid="158" ordinal="5" path="3" offset="83" offsetend="171" sl="158" fileid="1" />
                <BranchPoint vc="8" uspid="173" ordinal="15" path="0" offset="194" offsetend="196" sl="173" fileid="1" />
                <BranchPoint vc="2" uspid="173" ordinal="16" path="1" offset="194" offsetend="211" sl="173" fileid="1" />
                <BranchPoint vc="1" uspid="173" ordinal="17" path="0" offset="216" offsetend="218" sl="173" fileid="1" />
                <BranchPoint vc="10" uspid="173" ordinal="18" path="1" offset="216" offsetend="225" sl="173" fileid="1" />
                <BranchPoint vc="7" uspid="176" ordinal="19" path="0" offset="236" offsetend="238" sl="176" fileid="1" />
                <BranchPoint vc="3" uspid="176" ordinal="20" path="1" offset="236" offsetend="253" sl="176" fileid="1" />
                <BranchPoint vc="3" uspid="176" ordinal="21" path="0" offset="258" offsetend="260" sl="176" fileid="1" />
                <BranchPoint vc="1" uspid="177" ordinal="23" path="0" offset="275" offsetend="277" sl="177" fileid="1" />
                <BranchPoint vc="2" uspid="177" ordinal="24" path="1" offset="275" offsetend="286" sl="177" fileid="1" />
                <BranchPoint vc="10" uspid="176" ordinal="22" path="1" offset="258" offsetend="293" sl="176" fileid="1" />
                <BranchPoint vc="4" uspid="182" ordinal="25" path="0" offset="304" offsetend="306" sl="182" fileid="1" />
                <BranchPoint vc="6" uspid="182" ordinal="26" path="1" offset="304" offsetend="321" sl="182" fileid="1" />
                <BranchPoint vc="2" uspid="182" ordinal="27" path="0" offset="326" offsetend="328" sl="182" fileid="1" />
                <BranchPoint vc="1" uspid="183" ordinal="29" path="0" offset="343" offsetend="345" sl="183" fileid="1" />
                <BranchPoint vc="1" uspid="183" ordinal="30" path="1" offset="343" offsetend="354" sl="183" fileid="1" />
                <BranchPoint vc="5" uspid="158" ordinal="6" path="4" offset="83" offsetend="366" sl="158" fileid="1" />
                <BranchPoint vc="5" uspid="158" ordinal="7" path="5" offset="83" offsetend="366" sl="158" fileid="1" />
                <BranchPoint vc="5" uspid="158" ordinal="8" path="6" offset="83" offsetend="366" sl="158" fileid="1" />
                <BranchPoint vc="5" uspid="194" ordinal="31" path="0" offset="392" offsetend="394" sl="194" fileid="1" />
                <BranchPoint vc="0" uspid="194" ordinal="32" path="1" offset="392" offsetend="409" sl="194" fileid="1" />
                <BranchPoint vc="1" uspid="194" ordinal="33" path="0" offset="414" offsetend="416" sl="194" fileid="1" />
                <BranchPoint vc="4" uspid="158" ordinal="9" path="7" offset="83" offsetend="425" sl="158" fileid="1" />
                <BranchPoint vc="4" uspid="158" ordinal="10" path="8" offset="83" offsetend="425" sl="158" fileid="1" />
                <BranchPoint vc="4" uspid="158" ordinal="11" path="9" offset="83" offsetend="425" sl="158" fileid="1" />
                <BranchPoint vc="2" uspid="202" ordinal="35" path="0" offset="447" offsetend="449" sl="202" fileid="1" />
                <BranchPoint vc="2" uspid="202" ordinal="36" path="1" offset="447" offsetend="469" sl="202" fileid="1" />
                <BranchPoint vc="2" uspid="202" ordinal="37" path="0" offset="474" offsetend="476" sl="202" fileid="1" />
                <BranchPoint vc="1" uspid="158" ordinal="12" path="10" offset="83" offsetend="485" sl="158" fileid="1" />
                <BranchPoint vc="1" uspid="158" ordinal="13" path="11" offset="83" offsetend="485" sl="158" fileid="1" />
                <BranchPoint vc="1" uspid="158" ordinal="14" path="12" offset="83" offsetend="485" sl="158" fileid="1" />
                <BranchPoint vc="1" uspid="211" ordinal="39" path="0" offset="509" offsetend="511" sl="211" fileid="1" />
                <BranchPoint vc="0" uspid="211" ordinal="40" path="1" offset="509" offsetend="531" sl="211" fileid="1" />
                <BranchPoint vc="1" uspid="211" ordinal="41" path="0" offset="536" offsetend="538" sl="211" fileid="1" />
                <BranchPoint vc="0" uspid="158" ordinal="2" path="0" offset="83" offsetend="547" sl="158" fileid="1" />
                <BranchPoint vc="39" uspid="182" ordinal="28" path="1" offset="326" offsetend="551" sl="182" fileid="1" />
                <BranchPoint vc="39" uspid="194" ordinal="34" path="1" offset="414" offsetend="551" sl="194" fileid="1" />
                <BranchPoint vc="39" uspid="202" ordinal="38" path="1" offset="474" offsetend="551" sl="202" fileid="1" />
                <BranchPoint vc="39" uspid="211" ordinal="42" path="1" offset="536" offsetend="551" sl="211" fileid="1" />
                <BranchPoint vc="20" uspid="222" ordinal="43" path="0" offset="569" offsetend="574" sl="222" fileid="1" />
                <BranchPoint vc="19" uspid="224" ordinal="45" path="0" offset="594" offsetend="596" sl="224" fileid="1" />
                <BranchPoint vc="1" uspid="224" ordinal="46" path="1" offset="594" offsetend="616" sl="224" fileid="1" />
                <BranchPoint vc="19" uspid="224" ordinal="47" path="0" offset="621" offsetend="626" sl="224" fileid="1" />
                <BranchPoint vc="18" uspid="226" ordinal="49" path="0" offset="638" offsetend="640" sl="226" fileid="1" />
                <BranchPoint vc="17" uspid="226" ordinal="51" path="0" offset="652" offsetend="654" sl="226" fileid="1" />
                <BranchPoint vc="16" uspid="226" ordinal="53" path="0" offset="666" offsetend="668" sl="226" fileid="1" />
                <BranchPoint vc="15" uspid="226" ordinal="55" path="0" offset="680" offsetend="682" sl="226" fileid="1" />
                <BranchPoint vc="4" uspid="226" ordinal="50" path="1" offset="638" offsetend="696" sl="226" fileid="1" />
                <BranchPoint vc="4" uspid="226" ordinal="52" path="1" offset="652" offsetend="696" sl="226" fileid="1" />
                <BranchPoint vc="4" uspid="226" ordinal="54" path="1" offset="666" offsetend="696" sl="226" fileid="1" />
                <BranchPoint vc="4" uspid="226" ordinal="56" path="1" offset="680" offsetend="696" sl="226" fileid="1" />
                <BranchPoint vc="13" uspid="226" ordinal="57" path="0" offset="701" offsetend="703" sl="226" fileid="1" />
                <BranchPoint vc="6" uspid="226" ordinal="58" path="1" offset="701" offsetend="756" sl="226" fileid="1" />
                <BranchPoint vc="1" uspid="235" ordinal="59" path="0" offset="771" offsetend="773" sl="235" fileid="1" />
                <BranchPoint vc="5" uspid="235" ordinal="60" path="1" offset="771" offsetend="800" sl="235" fileid="1" />
                <BranchPoint vc="4" uspid="238" ordinal="61" path="0" offset="812" offsetend="814" sl="238" fileid="1" />
                <BranchPoint vc="1" uspid="238" ordinal="62" path="1" offset="812" offsetend="828" sl="238" fileid="1" />
                <BranchPoint vc="3" uspid="238" ordinal="63" path="0" offset="833" offsetend="835" sl="238" fileid="1" />
                <BranchPoint vc="2" uspid="238" ordinal="64" path="1" offset="833" offsetend="859" sl="238" fileid="1" />
                <BranchPoint vc="1" uspid="241" ordinal="65" path="0" offset="871" offsetend="873" sl="241" fileid="1" />
                <BranchPoint vc="1" uspid="241" ordinal="66" path="1" offset="871" offsetend="887" sl="241" fileid="1" />
                <BranchPoint vc="2" uspid="241" ordinal="67" path="0" offset="892" offsetend="894" sl="241" fileid="1" />
                <BranchPoint vc="19" uspid="241" ordinal="68" path="1" offset="892" offsetend="916" sl="241" fileid="1" />
                <BranchPoint vc="1" uspid="224" ordinal="48" path="1" offset="621" offsetend="919" sl="224" fileid="1" />
                <BranchPoint vc="39" uspid="222" ordinal="44" path="1" offset="569" offsetend="957" sl="222" fileid="1" />
                <BranchPoint vc="52" uspid="151" ordinal="1" path="1" offset="35" offsetend="958" sl="151" fileid="1" />
              </BranchPoints>
              <MethodPoint vc="73" uspid="0" p8:type="SequencePoint" ordinal="2" offset="2" sc="0" sl="143" ec="1" el="262" bec="0" bev="0" fileid="1" xmlns:p8="xsi" />
            </Method>
            <Method cyclomaticComplexity="30" nPathComplexity="0" sequenceCoverage="93.18" branchCoverage="90" isConstructor="False" isGetter="False" isSetter="False" isStatic="True">
              <Summary numSequencePoints="44" visitedSequencePoints="41" numBranchPoints="30" visitedBranchPoints="27" sequenceCoverage="93.18" branchCoverage="90" maxCyclomaticComplexity="30" minCyclomaticComplexity="30" visitedClasses="0" numClasses="0" visitedMethods="1" numMethods="1" />
              <MetadataToken />
              <Name>System.String ChequeEmExtenso.ConsoleApp.Numeros::ConvertToWords(System.String)</Name>
              <FileRef uid="1" />
              <SequencePoints>
                <SequencePoint vc="18" uspid="265" ordinal="0" sl="265" sc="1" el="265" ec="2" bec="0" bev="0" fileid="1" />
                <SequencePoint vc="90" uspid="266" ordinal="1" sl="266" sc="1" el="266" ec="2" bec="0" bev="0" fileid="1" />
                <SequencePoint vc="18" uspid="267" ordinal="2" sl="267" sc="1" el="267" ec="2" bec="0" bev="0" fileid="1" />
                <SequencePoint vc="18" uspid="268" ordinal="3" sl="268" sc="1" el="268" ec="2" bec="0" bev="0" fileid="1" />
                <SequencePoint vc="18" uspid="269" ordinal="4" sl="269" sc="1" el="269" ec="2" bec="0" bev="0" fileid="1" />
                <SequencePoint vc="18" uspid="271" ordinal="5" sl="271" sc="1" el="271" ec="2" bec="0" bev="0" fileid="1" />
                <SequencePoint vc="18" uspid="272" ordinal="6" sl="272" sc="1" el="272" ec="2" bec="0" bev="0" fileid="1" />
                <SequencePoint vc="18" uspid="273" ordinal="7" sl="273" sc="1" el="273" ec="2" bec="2" bev="2" fileid="1" />
                <SequencePoint vc="18" uspid="274" ordinal="8" sl="274" sc="1" el="274" ec="2" bec="0" bev="0" fileid="1" />
                <SequencePoint vc="18" uspid="275" ordinal="9" sl="275" sc="1" el="275" ec="2" bec="0" bev="0" fileid="1" />
                <SequencePoint vc="18" uspid="276" ordinal="10" sl="276" sc="1" el="276" ec="2" bec="0" bev="0" fileid="1" />
                <SequencePoint vc="18" uspid="277" ordinal="11" sl="277" sc="1" el="277" ec="2" bec="2" bev="2" fileid="1" />
                <SequencePoint vc="8" uspid="278" ordinal="12" sl="278" sc="1" el="278" ec="2" bec="0" bev="0" fileid="1" />
                <SequencePoint vc="8" uspid="279" ordinal="13" sl="279" sc="1" el="279" ec="2" bec="0" bev="0" fileid="1" />
                <SequencePoint vc="8" uspid="280" ordinal="14" sl="280" sc="1" el="280" ec="2" bec="0" bev="0" fileid="1" />
                <SequencePoint vc="8" uspid="281" ordinal="15" sl="281" sc="1" el="281" ec="2" bec="0" bev="0" fileid="1" />
                <SequencePoint vc="8" uspid="282" ordinal="16" sl="282" sc="1" el="282" ec="2" bec="0" bev="0" fileid="1" />
                <SequencePoint vc="18" uspid="283" ordinal="17" sl="283" sc="1" el="283" ec="2" bec="0" bev="0" fileid="1" />
                <SequencePoint vc="18" uspid="285" ordinal="18" sl="285" sc="1" el="285" ec="2" bec="8" bev="7" fileid="1" />
                <SequencePoint vc="3" uspid="286" ordinal="19" sl="286" sc="1" el="286" ec="2" bec="0" bev="0" fileid="1" />
                <SequencePoint vc="15" uspid="289" ordinal="20" sl="289" sc="1" el="289" ec="2" bec="0" bev="0" fileid="1" />
                <SequencePoint vc="18" uspid="291" ordinal="21" sl="291" sc="1" el="291" ec="2" bec="0" bev="0" fileid="1" />
                <SequencePoint vc="0" uspid="293" ordinal="22" sl="293" sc="1" el="293" ec="2" bec="0" bev="0" fileid="1" />
                <SequencePoint vc="18" uspid="295" ordinal="23" sl="295" sc="1" el="295" ec="2" bec="6" bev="6" fileid="1" />
                <SequencePoint vc="2" uspid="296" ordinal="24" sl="296" sc="1" el="296" ec="2" bec="0" bev="0" fileid="1" />
                <SequencePoint vc="2" uspid="297" ordinal="25" sl="297" sc="1" el="297" ec="2" bec="0" bev="0" fileid="1" />
                <SequencePoint vc="2" uspid="298" ordinal="26" sl="298" sc="1" el="298" ec="2" bec="0" bev="0" fileid="1" />
                <SequencePoint vc="18" uspid="300" ordinal="27" sl="300" sc="1" el="300" ec="2" bec="2" bev="2" fileid="1" />
                <SequencePoint vc="2" uspid="301" ordinal="28" sl="301" sc="1" el="301" ec="2" bec="0" bev="0" fileid="1" />
                <SequencePoint vc="2" uspid="302" ordinal="29" sl="302" sc="1" el="302" ec="2" bec="0" bev="0" fileid="1" />
                <SequencePoint vc="2" uspid="303" ordinal="30" sl="303" sc="1" el="303" ec="2" bec="2" bev="2" fileid="1" />
                <SequencePoint vc="1" uspid="304" ordinal="31" sl="304" sc="1" el="304" ec="2" bec="0" bev="0" fileid="1" />
                <SequencePoint vc="2" uspid="305" ordinal="32" sl="305" sc="1" el="305" ec="2" bec="0" bev="0" fileid="1" />
                <SequencePoint vc="18" uspid="308" ordinal="33" sl="308" sc="1" el="308" ec="2" bec="2" bev="2" fileid="1" />
                <SequencePoint vc="16" uspid="309" ordinal="34" sl="309" sc="1" el="309" ec="2" bec="0" bev="0" fileid="1" />
                <SequencePoint vc="16" uspid="310" ordinal="35" sl="310" sc="1" el="310" ec="2" bec="2" bev="1" fileid="1" />
                <SequencePoint vc="0" uspid="311" ordinal="36" sl="311" sc="1" el="311" ec="2" bec="0" bev="0" fileid="1" />
                <SequencePoint vc="16" uspid="313" ordinal="37" sl="313" sc="1" el="313" ec="2" bec="2" bev="1" fileid="1" />
                <SequencePoint vc="0" uspid="314" ordinal="38" sl="314" sc="1" el="314" ec="2" bec="0" bev="0" fileid="1" />
                <SequencePoint vc="16" uspid="315" ordinal="39" sl="315" sc="1" el="315" ec="2" bec="0" bev="0" fileid="1" />
                <SequencePoint vc="18" uspid="316" ordinal="40" sl="316" sc="1" el="316" ec="2" bec="2" bev="2" fileid="1" />
                <SequencePoint vc="1" uspid="317" ordinal="41" sl="317" sc="1" el="317" ec="2" bec="0" bev="0" fileid="1" />
                <SequencePoint vc="18" uspid="319" ordinal="42" sl="319" sc="1" el="319" ec="2" bec="0" bev="0" fileid="1" />
                <SequencePoint vc="18" uspid="320" ordinal="43" sl="320" sc="1" el="320" ec="2" bec="0" bev="0" fileid="1" />
              </SequencePoints>
              <BranchPoints>
                <BranchPoint vc="18" uspid="273" ordinal="0" path="0" offset="72" offsetend="74" sl="273" fileid="1" />
                <BranchPoint vc="8" uspid="277" ordinal="2" path="0" offset="109" offsetend="111" sl="277" fileid="1" />
                <BranchPoint vc="18" uspid="277" ordinal="3" path="1" offset="109" offsetend="135" sl="277" fileid="1" />
                <BranchPoint vc="18" uspid="273" ordinal="1" path="1" offset="72" offsetend="136" sl="273" fileid="1" />
                <BranchPoint vc="5" uspid="285" ordinal="4" path="0" offset="151" offsetend="153" sl="285" fileid="1" />
                <BranchPoint vc="3" uspid="285" ordinal="6" path="0" offset="174" offsetend="176" sl="285" fileid="1" />
                <BranchPoint vc="3" uspid="285" ordinal="8" path="0" offset="197" offsetend="199" sl="285" fileid="1" />
                <BranchPoint vc="0" uspid="285" ordinal="9" path="1" offset="197" offsetend="224" sl="285" fileid="1" />
                <BranchPoint vc="2" uspid="285" ordinal="7" path="1" offset="174" offsetend="227" sl="285" fileid="1" />
                <BranchPoint vc="13" uspid="285" ordinal="5" path="1" offset="151" offsetend="230" sl="285" fileid="1" />
                <BranchPoint vc="3" uspid="285" ordinal="10" path="0" offset="235" offsetend="237" sl="285" fileid="1" />
                <BranchPoint vc="15" uspid="285" ordinal="11" path="1" offset="235" offsetend="290" sl="285" fileid="1" />
                <BranchPoint vc="3" uspid="295" ordinal="12" path="0" offset="372" offsetend="374" sl="295" fileid="1" />
                <BranchPoint vc="17" uspid="295" ordinal="13" path="1" offset="372" offsetend="399" sl="295" fileid="1" />
                <BranchPoint vc="17" uspid="295" ordinal="14" path="0" offset="397" offsetend="399" sl="295" fileid="1" />
                <BranchPoint vc="1" uspid="295" ordinal="15" path="1" offset="397" offsetend="424" sl="295" fileid="1" />
                <BranchPoint vc="2" uspid="295" ordinal="16" path="0" offset="429" offsetend="431" sl="295" fileid="1" />
                <BranchPoint vc="18" uspid="295" ordinal="17" path="1" offset="429" offsetend="442" sl="295" fileid="1" />
                <BranchPoint vc="2" uspid="300" ordinal="18" path="0" offset="464" offsetend="466" sl="300" fileid="1" />
                <BranchPoint vc="1" uspid="303" ordinal="20" path="0" offset="525" offsetend="527" sl="303" fileid="1" />
                <BranchPoint vc="2" uspid="303" ordinal="21" path="1" offset="525" offsetend="533" sl="303" fileid="1" />
                <BranchPoint vc="18" uspid="300" ordinal="19" path="1" offset="464" offsetend="534" sl="300" fileid="1" />
                <BranchPoint vc="16" uspid="308" ordinal="22" path="0" offset="551" offsetend="553" sl="308" fileid="1" />
                <BranchPoint vc="0" uspid="310" ordinal="24" path="0" offset="577" offsetend="579" sl="310" fileid="1" />
                <BranchPoint vc="16" uspid="310" ordinal="25" path="1" offset="577" offsetend="585" sl="310" fileid="1" />
                <BranchPoint vc="0" uspid="313" ordinal="26" path="0" offset="608" offsetend="610" sl="313" fileid="1" />
                <BranchPoint vc="16" uspid="313" ordinal="27" path="1" offset="608" offsetend="616" sl="313" fileid="1" />
                <BranchPoint vc="18" uspid="308" ordinal="23" path="1" offset="551" offsetend="617" sl="308" fileid="1" />
                <BranchPoint vc="1" uspid="316" ordinal="28" path="0" offset="632" offsetend="634" sl="316" fileid="1" />
                <BranchPoint vc="18" uspid="316" ordinal="29" path="1" offset="632" offsetend="640" sl="316" fileid="1" />
              </BranchPoints>
              <MethodPoint vc="41" uspid="0" p8:type="SequencePoint" ordinal="3" offset="3" sc="0" sl="265" ec="1" el="320" bec="0" bev="0" fileid="1" xmlns:p8="xsi" />
            </Method>
            <Method cyclomaticComplexity="8" nPathComplexity="0" sequenceCoverage="100" branchCoverage="100" isConstructor="False" isGetter="False" isSetter="False" isStatic="True">
              <Summary numSequencePoints="24" visitedSequencePoints="24" numBranchPoints="8" visitedBranchPoints="8" sequenceCoverage="100" branchCoverage="100" maxCyclomaticComplexity="8" minCyclomaticComplexity="8" visitedClasses="0" numClasses="0" visitedMethods="1" numMethods="1" />
              <MetadataToken />
              <Name>System.String ChequeEmExtenso.ConsoleApp.Numeros::ConvertDecimals(System.String)</Name>
              <FileRef uid="1" />
              <SequencePoints>
                <SequencePoint vc="8" uspid="323" ordinal="0" sl="323" sc="1" el="323" ec="2" bec="0" bev="0" fileid="1" />
                <SequencePoint vc="24" uspid="324" ordinal="1" sl="324" sc="1" el="324" ec="2" bec="0" bev="0" fileid="1" />
                <SequencePoint vc="8" uspid="326" ordinal="2" sl="326" sc="1" el="326" ec="2" bec="2" bev="2" fileid="1" />
                <SequencePoint vc="6" uspid="327" ordinal="3" sl="327" sc="1" el="327" ec="2" bec="0" bev="0" fileid="1" />
                <SequencePoint vc="36" uspid="328" ordinal="4" sl="328" sc="1" el="328" ec="2" bec="2" bev="2" fileid="1" />
                <SequencePoint vc="12" uspid="329" ordinal="5" sl="329" sc="1" el="329" ec="2" bec="0" bev="0" fileid="1" />
                <SequencePoint vc="12" uspid="330" ordinal="6" sl="330" sc="1" el="330" ec="2" bec="0" bev="0" fileid="1" />
                <SequencePoint vc="12" uspid="331" ordinal="7" sl="331" sc="1" el="331" ec="2" bec="2" bev="2" fileid="1" />
                <SequencePoint vc="6" uspid="332" ordinal="8" sl="332" sc="1" el="332" ec="2" bec="0" bev="0" fileid="1" />
                <SequencePoint vc="6" uspid="333" ordinal="9" sl="333" sc="1" el="333" ec="2" bec="0" bev="0" fileid="1" />
                <SequencePoint vc="6" uspid="334" ordinal="10" sl="334" sc="1" el="334" ec="2" bec="0" bev="0" fileid="1" />
                <SequencePoint vc="6" uspid="335" ordinal="11" sl="335" sc="1" el="335" ec="2" bec="0" bev="0" fileid="1" />
                <SequencePoint vc="12" uspid="337" ordinal="12" sl="337" sc="1" el="337" ec="2" bec="0" bev="0" fileid="1" />
                <SequencePoint vc="6" uspid="338" ordinal="13" sl="338" sc="1" el="338" ec="2" bec="0" bev="0" fileid="1" />
                <SequencePoint vc="2" uspid="341" ordinal="14" sl="341" sc="1" el="341" ec="2" bec="0" bev="0" fileid="1" />
                <SequencePoint vc="2" uspid="342" ordinal="15" sl="342" sc="1" el="342" ec="2" bec="0" bev="0" fileid="1" />
                <SequencePoint vc="2" uspid="343" ordinal="16" sl="343" sc="1" el="343" ec="2" bec="2" bev="2" fileid="1" />
                <SequencePoint vc="2" uspid="344" ordinal="17" sl="344" sc="1" el="344" ec="2" bec="0" bev="0" fileid="1" />
                <SequencePoint vc="2" uspid="345" ordinal="18" sl="345" sc="1" el="345" ec="2" bec="0" bev="0" fileid="1" />
                <SequencePoint vc="2" uspid="346" ordinal="19" sl="346" sc="1" el="346" ec="2" bec="0" bev="0" fileid="1" />
                <SequencePoint vc="2" uspid="347" ordinal="20" sl="347" sc="1" el="347" ec="2" bec="0" bev="0" fileid="1" />
                <SequencePoint vc="2" uspid="349" ordinal="21" sl="349" sc="1" el="349" ec="2" bec="0" bev="0" fileid="1" />
                <SequencePoint vc="8" uspid="351" ordinal="22" sl="351" sc="1" el="351" ec="2" bec="0" bev="0" fileid="1" />
                <SequencePoint vc="8" uspid="352" ordinal="23" sl="352" sc="1" el="352" ec="2" bec="0" bev="0" fileid="1" />
              </SequencePoints>
              <BranchPoints>
                <BranchPoint vc="6" uspid="326" ordinal="0" path="0" offset="39" offsetend="41" sl="326" fileid="1" />
                <BranchPoint vc="12" uspid="328" ordinal="5" path="1" offset="130" offsetend="47" sl="328" fileid="1" />
                <BranchPoint vc="6" uspid="331" ordinal="2" path="0" offset="84" offsetend="86" sl="331" fileid="1" />
                <BranchPoint vc="12" uspid="331" ordinal="3" path="1" offset="84" offsetend="109" sl="331" fileid="1" />
                <BranchPoint vc="6" uspid="328" ordinal="4" path="0" offset="130" offsetend="132" sl="328" fileid="1" />
                <BranchPoint vc="2" uspid="326" ordinal="1" path="1" offset="39" offsetend="135" sl="326" fileid="1" />
                <BranchPoint vc="2" uspid="343" ordinal="6" path="0" offset="161" offsetend="163" sl="343" fileid="1" />
                <BranchPoint vc="2" uspid="343" ordinal="7" path="1" offset="161" offsetend="186" sl="343" fileid="1" />
              </BranchPoints>
              <MethodPoint vc="24" uspid="0" p8:type="SequencePoint" ordinal="4" offset="4" sc="0" sl="323" ec="1" el="352" bec="0" bev="0" fileid="1" xmlns:p8="xsi" />
            </Method>
          </Methods>
        </Class>
        <Class>
          <Summary numSequencePoints="144" visitedSequencePoints="0" numBranchPoints="107" visitedBranchPoints="0" sequenceCoverage="0" branchCoverage="0" maxCyclomaticComplexity="69" minCyclomaticComplexity="1" visitedClasses="0" numClasses="1" visitedMethods="0" numMethods="4" />
          <FullName>ChequeEmExtenso.ConsoleApp.Controlador</FullName>
          <Methods>
            <Method cyclomaticComplexity="69" nPathComplexity="0" sequenceCoverage="0" branchCoverage="0" isConstructor="False" isGetter="False" isSetter="False" isStatic="True">
              <Summary numSequencePoints="75" visitedSequencePoints="0" numBranchPoints="69" visitedBranchPoints="0" sequenceCoverage="0" branchCoverage="0" maxCyclomaticComplexity="69" minCyclomaticComplexity="69" visitedClasses="0" numClasses="0" visitedMethods="0" numMethods="1" />
              <MetadataToken />
              <Name>System.String ChequeEmExtenso.ConsoleApp.Controlador::ConveterNumerosGrandes(System.String)</Name>
              <FileRef uid="2" />
              <SequencePoints>
                <SequencePoint vc="0" uspid="13" ordinal="0" sl="13" sc="1" el="13" ec="2" bec="0" bev="0" fileid="2" />
                <SequencePoint vc="0" uspid="15" ordinal="1" sl="15" sc="1" el="15" ec="2" bec="0" bev="0" fileid="2" />
                <SequencePoint vc="0" uspid="17" ordinal="2" sl="17" sc="1" el="17" ec="2" bec="0" bev="0" fileid="2" />
                <SequencePoint vc="0" uspid="19" ordinal="3" sl="19" sc="1" el="19" ec="2" bec="0" bev="0" fileid="2" />
                <SequencePoint vc="0" uspid="20" ordinal="4" sl="20" sc="1" el="20" ec="2" bec="0" bev="0" fileid="2" />
                <SequencePoint vc="0" uspid="22" ordinal="5" sl="22" sc="1" el="22" ec="2" bec="2" bev="0" fileid="2" />
                <SequencePoint vc="0" uspid="23" ordinal="6" sl="23" sc="1" el="23" ec="2" bec="0" bev="0" fileid="2" />
                <SequencePoint vc="0" uspid="26" ordinal="7" sl="26" sc="1" el="26" ec="2" bec="0" bev="0" fileid="2" />
                <SequencePoint vc="0" uspid="27" ordinal="8" sl="27" sc="1" el="27" ec="2" bec="0" bev="0" fileid="2" />
                <SequencePoint vc="0" uspid="28" ordinal="9" sl="28" sc="1" el="28" ec="2" bec="0" bev="0" fileid="2" />
                <SequencePoint vc="0" uspid="29" ordinal="10" sl="29" sc="1" el="29" ec="2" bec="13" bev="0" fileid="2" />
                <SequencePoint vc="0" uspid="32" ordinal="11" sl="32" sc="1" el="32" ec="2" bec="0" bev="0" fileid="2" />
                <SequencePoint vc="0" uspid="33" ordinal="12" sl="33" sc="1" el="33" ec="2" bec="0" bev="0" fileid="2" />
                <SequencePoint vc="0" uspid="34" ordinal="13" sl="34" sc="1" el="34" ec="2" bec="0" bev="0" fileid="2" />
                <SequencePoint vc="0" uspid="37" ordinal="14" sl="37" sc="1" el="37" ec="2" bec="0" bev="0" fileid="2" />
                <SequencePoint vc="0" uspid="38" ordinal="15" sl="38" sc="1" el="38" ec="2" bec="0" bev="0" fileid="2" />
                <SequencePoint vc="0" uspid="39" ordinal="16" sl="39" sc="1" el="39" ec="2" bec="0" bev="0" fileid="2" />
                <SequencePoint vc="0" uspid="42" ordinal="17" sl="42" sc="1" el="42" ec="2" bec="0" bev="0" fileid="2" />
                <SequencePoint vc="0" uspid="43" ordinal="18" sl="43" sc="1" el="43" ec="2" bec="0" bev="0" fileid="2" />
                <SequencePoint vc="0" uspid="45" ordinal="19" sl="45" sc="1" el="45" ec="2" bec="4" bev="0" fileid="2" />
                <SequencePoint vc="0" uspid="46" ordinal="20" sl="46" sc="1" el="46" ec="2" bec="0" bev="0" fileid="2" />
                <SequencePoint vc="0" uspid="48" ordinal="21" sl="48" sc="1" el="48" ec="2" bec="4" bev="0" fileid="2" />
                <SequencePoint vc="0" uspid="49" ordinal="22" sl="49" sc="1" el="49" ec="2" bec="2" bev="0" fileid="2" />
                <SequencePoint vc="0" uspid="50" ordinal="23" sl="50" sc="1" el="50" ec="2" bec="0" bev="0" fileid="2" />
                <SequencePoint vc="0" uspid="52" ordinal="24" sl="52" sc="1" el="52" ec="2" bec="0" bev="0" fileid="2" />
                <SequencePoint vc="0" uspid="54" ordinal="25" sl="54" sc="1" el="54" ec="2" bec="4" bev="0" fileid="2" />
                <SequencePoint vc="0" uspid="55" ordinal="26" sl="55" sc="1" el="55" ec="2" bec="2" bev="0" fileid="2" />
                <SequencePoint vc="0" uspid="56" ordinal="27" sl="56" sc="1" el="56" ec="2" bec="0" bev="0" fileid="2" />
                <SequencePoint vc="0" uspid="58" ordinal="28" sl="58" sc="1" el="58" ec="2" bec="0" bev="0" fileid="2" />
                <SequencePoint vc="0" uspid="60" ordinal="29" sl="60" sc="1" el="60" ec="2" bec="0" bev="0" fileid="2" />
                <SequencePoint vc="0" uspid="64" ordinal="30" sl="64" sc="1" el="64" ec="2" bec="0" bev="0" fileid="2" />
                <SequencePoint vc="0" uspid="65" ordinal="31" sl="65" sc="1" el="65" ec="2" bec="0" bev="0" fileid="2" />
                <SequencePoint vc="0" uspid="66" ordinal="32" sl="66" sc="1" el="66" ec="2" bec="4" bev="0" fileid="2" />
                <SequencePoint vc="0" uspid="67" ordinal="33" sl="67" sc="1" el="67" ec="2" bec="0" bev="0" fileid="2" />
                <SequencePoint vc="0" uspid="68" ordinal="34" sl="68" sc="1" el="68" ec="2" bec="0" bev="0" fileid="2" />
                <SequencePoint vc="0" uspid="72" ordinal="35" sl="72" sc="1" el="72" ec="2" bec="0" bev="0" fileid="2" />
                <SequencePoint vc="0" uspid="73" ordinal="36" sl="73" sc="1" el="73" ec="2" bec="0" bev="0" fileid="2" />
                <SequencePoint vc="0" uspid="74" ordinal="37" sl="74" sc="1" el="74" ec="2" bec="4" bev="0" fileid="2" />
                <SequencePoint vc="0" uspid="75" ordinal="38" sl="75" sc="1" el="75" ec="2" bec="0" bev="0" fileid="2" />
                <SequencePoint vc="0" uspid="76" ordinal="39" sl="76" sc="1" el="76" ec="2" bec="0" bev="0" fileid="2" />
                <SequencePoint vc="0" uspid="81" ordinal="40" sl="81" sc="1" el="81" ec="2" bec="0" bev="0" fileid="2" />
                <SequencePoint vc="0" uspid="82" ordinal="41" sl="82" sc="1" el="82" ec="2" bec="0" bev="0" fileid="2" />
                <SequencePoint vc="0" uspid="83" ordinal="42" sl="83" sc="1" el="83" ec="2" bec="4" bev="0" fileid="2" />
                <SequencePoint vc="0" uspid="84" ordinal="43" sl="84" sc="1" el="84" ec="2" bec="0" bev="0" fileid="2" />
                <SequencePoint vc="0" uspid="85" ordinal="44" sl="85" sc="1" el="85" ec="2" bec="0" bev="0" fileid="2" />
                <SequencePoint vc="0" uspid="88" ordinal="45" sl="88" sc="1" el="88" ec="2" bec="0" bev="0" fileid="2" />
                <SequencePoint vc="0" uspid="89" ordinal="46" sl="89" sc="1" el="89" ec="2" bec="0" bev="0" fileid="2" />
                <SequencePoint vc="0" uspid="92" ordinal="47" sl="92" sc="1" el="92" ec="2" bec="0" bev="0" fileid="2" />
                <SequencePoint vc="0" uspid="94" ordinal="48" sl="94" sc="1" el="94" ec="2" bec="2" bev="0" fileid="2" />
                <SequencePoint vc="0" uspid="95" ordinal="49" sl="95" sc="1" el="95" ec="2" bec="0" bev="0" fileid="2" />
                <SequencePoint vc="0" uspid="96" ordinal="50" sl="96" sc="1" el="96" ec="2" bec="4" bev="0" fileid="2" />
                <SequencePoint vc="0" uspid="97" ordinal="51" sl="97" sc="1" el="97" ec="2" bec="0" bev="0" fileid="2" />
                <SequencePoint vc="0" uspid="98" ordinal="52" sl="98" sc="1" el="98" ec="2" bec="10" bev="0" fileid="2" />
                <SequencePoint vc="0" uspid="99" ordinal="53" sl="99" sc="1" el="99" ec="2" bec="0" bev="0" fileid="2" />
                <SequencePoint vc="0" uspid="101" ordinal="54" sl="101" sc="1" el="101" ec="2" bec="0" bev="0" fileid="2" />
                <SequencePoint vc="0" uspid="102" ordinal="55" sl="102" sc="1" el="102" ec="2" bec="0" bev="0" fileid="2" />
                <SequencePoint vc="0" uspid="103" ordinal="56" sl="103" sc="1" el="103" ec="2" bec="0" bev="0" fileid="2" />
                <SequencePoint vc="0" uspid="104" ordinal="57" sl="104" sc="1" el="104" ec="2" bec="0" bev="0" fileid="2" />
                <SequencePoint vc="0" uspid="105" ordinal="58" sl="105" sc="1" el="105" ec="2" bec="0" bev="0" fileid="2" />
                <SequencePoint vc="0" uspid="107" ordinal="59" sl="107" sc="1" el="107" ec="2" bec="2" bev="0" fileid="2" />
                <SequencePoint vc="0" uspid="108" ordinal="60" sl="108" sc="1" el="108" ec="2" bec="0" bev="0" fileid="2" />
                <SequencePoint vc="0" uspid="110" ordinal="61" sl="110" sc="1" el="110" ec="2" bec="4" bev="0" fileid="2" />
                <SequencePoint vc="0" uspid="111" ordinal="62" sl="111" sc="1" el="111" ec="2" bec="0" bev="0" fileid="2" />
                <SequencePoint vc="0" uspid="113" ordinal="63" sl="113" sc="1" el="113" ec="2" bec="4" bev="0" fileid="2" />
                <SequencePoint vc="0" uspid="114" ordinal="64" sl="114" sc="1" el="114" ec="2" bec="0" bev="0" fileid="2" />
                <SequencePoint vc="0" uspid="116" ordinal="65" sl="116" sc="1" el="116" ec="2" bec="0" bev="0" fileid="2" />
                <SequencePoint vc="0" uspid="118" ordinal="66" sl="118" sc="1" el="118" ec="2" bec="0" bev="0" fileid="2" />
                <SequencePoint vc="0" uspid="119" ordinal="67" sl="119" sc="1" el="119" ec="2" bec="0" bev="0" fileid="2" />
                <SequencePoint vc="0" uspid="120" ordinal="68" sl="120" sc="1" el="120" ec="2" bec="0" bev="0" fileid="2" />
                <SequencePoint vc="0" uspid="124" ordinal="69" sl="124" sc="1" el="124" ec="2" bec="0" bev="0" fileid="2" />
                <SequencePoint vc="0" uspid="127" ordinal="70" sl="127" sc="1" el="127" ec="2" bec="0" bev="0" fileid="2" />
                <SequencePoint vc="0" uspid="128" ordinal="71" sl="128" sc="1" el="128" ec="2" bec="0" bev="0" fileid="2" />
                <SequencePoint vc="0" uspid="129" ordinal="72" sl="129" sc="1" el="129" ec="2" bec="0" bev="0" fileid="2" />
                <SequencePoint vc="0" uspid="133" ordinal="73" sl="133" sc="1" el="133" ec="2" bec="0" bev="0" fileid="2" />
                <SequencePoint vc="0" uspid="134" ordinal="74" sl="134" sc="1" el="134" ec="2" bec="0" bev="0" fileid="2" />
              </SequencePoints>
              <BranchPoints>
                <BranchPoint vc="0" uspid="22" ordinal="0" path="0" offset="31" offsetend="36" sl="22" fileid="2" />
                <BranchPoint vc="0" uspid="29" ordinal="3" path="1" offset="67" offsetend="125" sl="29" fileid="2" />
                <BranchPoint vc="0" uspid="29" ordinal="4" path="2" offset="67" offsetend="145" sl="29" fileid="2" />
                <BranchPoint vc="0" uspid="29" ordinal="5" path="3" offset="67" offsetend="165" sl="29" fileid="2" />
                <BranchPoint vc="0" uspid="45" ordinal="15" path="0" offset="188" offsetend="190" sl="45" fileid="2" />
                <BranchPoint vc="0" uspid="45" ordinal="16" path="1" offset="188" offsetend="205" sl="45" fileid="2" />
                <BranchPoint vc="0" uspid="45" ordinal="17" path="0" offset="210" offsetend="212" sl="45" fileid="2" />
                <BranchPoint vc="0" uspid="45" ordinal="18" path="1" offset="210" offsetend="219" sl="45" fileid="2" />
                <BranchPoint vc="0" uspid="48" ordinal="19" path="0" offset="230" offsetend="232" sl="48" fileid="2" />
                <BranchPoint vc="0" uspid="48" ordinal="20" path="1" offset="230" offsetend="247" sl="48" fileid="2" />
                <BranchPoint vc="0" uspid="48" ordinal="21" path="0" offset="252" offsetend="254" sl="48" fileid="2" />
                <BranchPoint vc="0" uspid="49" ordinal="23" path="0" offset="269" offsetend="271" sl="49" fileid="2" />
                <BranchPoint vc="0" uspid="49" ordinal="24" path="1" offset="269" offsetend="280" sl="49" fileid="2" />
                <BranchPoint vc="0" uspid="48" ordinal="22" path="1" offset="252" offsetend="287" sl="48" fileid="2" />
                <BranchPoint vc="0" uspid="54" ordinal="25" path="0" offset="298" offsetend="300" sl="54" fileid="2" />
                <BranchPoint vc="0" uspid="54" ordinal="26" path="1" offset="298" offsetend="315" sl="54" fileid="2" />
                <BranchPoint vc="0" uspid="54" ordinal="27" path="0" offset="320" offsetend="322" sl="54" fileid="2" />
                <BranchPoint vc="0" uspid="55" ordinal="29" path="0" offset="337" offsetend="339" sl="55" fileid="2" />
                <BranchPoint vc="0" uspid="55" ordinal="30" path="1" offset="337" offsetend="348" sl="55" fileid="2" />
                <BranchPoint vc="0" uspid="29" ordinal="6" path="4" offset="67" offsetend="360" sl="29" fileid="2" />
                <BranchPoint vc="0" uspid="29" ordinal="7" path="5" offset="67" offsetend="360" sl="29" fileid="2" />
                <BranchPoint vc="0" uspid="29" ordinal="8" path="6" offset="67" offsetend="360" sl="29" fileid="2" />
                <BranchPoint vc="0" uspid="66" ordinal="31" path="0" offset="386" offsetend="388" sl="66" fileid="2" />
                <BranchPoint vc="0" uspid="66" ordinal="32" path="1" offset="386" offsetend="403" sl="66" fileid="2" />
                <BranchPoint vc="0" uspid="66" ordinal="33" path="0" offset="408" offsetend="410" sl="66" fileid="2" />
                <BranchPoint vc="0" uspid="29" ordinal="9" path="7" offset="67" offsetend="419" sl="29" fileid="2" />
                <BranchPoint vc="0" uspid="29" ordinal="10" path="8" offset="67" offsetend="419" sl="29" fileid="2" />
                <BranchPoint vc="0" uspid="29" ordinal="11" path="9" offset="67" offsetend="419" sl="29" fileid="2" />
                <BranchPoint vc="0" uspid="74" ordinal="35" path="0" offset="441" offsetend="443" sl="74" fileid="2" />
                <BranchPoint vc="0" uspid="74" ordinal="36" path="1" offset="441" offsetend="463" sl="74" fileid="2" />
                <BranchPoint vc="0" uspid="74" ordinal="37" path="0" offset="468" offsetend="470" sl="74" fileid="2" />
                <BranchPoint vc="0" uspid="29" ordinal="12" path="10" offset="67" offsetend="479" sl="29" fileid="2" />
                <BranchPoint vc="0" uspid="29" ordinal="13" path="11" offset="67" offsetend="479" sl="29" fileid="2" />
                <BranchPoint vc="0" uspid="29" ordinal="14" path="12" offset="67" offsetend="479" sl="29" fileid="2" />
                <BranchPoint vc="0" uspid="83" ordinal="39" path="0" offset="503" offsetend="505" sl="83" fileid="2" />
                <BranchPoint vc="0" uspid="83" ordinal="40" path="1" offset="503" offsetend="525" sl="83" fileid="2" />
                <BranchPoint vc="0" uspid="83" ordinal="41" path="0" offset="530" offsetend="532" sl="83" fileid="2" />
                <BranchPoint vc="0" uspid="29" ordinal="2" path="0" offset="67" offsetend="541" sl="29" fileid="2" />
                <BranchPoint vc="0" uspid="54" ordinal="28" path="1" offset="320" offsetend="545" sl="54" fileid="2" />
                <BranchPoint vc="0" uspid="66" ordinal="34" path="1" offset="408" offsetend="545" sl="66" fileid="2" />
                <BranchPoint vc="0" uspid="74" ordinal="38" path="1" offset="468" offsetend="545" sl="74" fileid="2" />
                <BranchPoint vc="0" uspid="83" ordinal="42" path="1" offset="530" offsetend="545" sl="83" fileid="2" />
                <BranchPoint vc="0" uspid="94" ordinal="43" path="0" offset="563" offsetend="568" sl="94" fileid="2" />
                <BranchPoint vc="0" uspid="96" ordinal="45" path="0" offset="588" offsetend="590" sl="96" fileid="2" />
                <BranchPoint vc="0" uspid="96" ordinal="46" path="1" offset="588" offsetend="610" sl="96" fileid="2" />
                <BranchPoint vc="0" uspid="96" ordinal="47" path="0" offset="615" offsetend="620" sl="96" fileid="2" />
                <BranchPoint vc="0" uspid="98" ordinal="49" path="0" offset="632" offsetend="634" sl="98" fileid="2" />
                <BranchPoint vc="0" uspid="98" ordinal="51" path="0" offset="646" offsetend="648" sl="98" fileid="2" />
                <BranchPoint vc="0" uspid="98" ordinal="53" path="0" offset="660" offsetend="662" sl="98" fileid="2" />
                <BranchPoint vc="0" uspid="98" ordinal="55" path="0" offset="674" offsetend="676" sl="98" fileid="2" />
                <BranchPoint vc="0" uspid="98" ordinal="50" path="1" offset="632" offsetend="690" sl="98" fileid="2" />
                <BranchPoint vc="0" uspid="98" ordinal="52" path="1" offset="646" offsetend="690" sl="98" fileid="2" />
                <BranchPoint vc="0" uspid="98" ordinal="54" path="1" offset="660" offsetend="690" sl="98" fileid="2" />
                <BranchPoint vc="0" uspid="98" ordinal="56" path="1" offset="674" offsetend="690" sl="98" fileid="2" />
                <BranchPoint vc="0" uspid="98" ordinal="57" path="0" offset="695" offsetend="697" sl="98" fileid="2" />
                <BranchPoint vc="0" uspid="98" ordinal="58" path="1" offset="695" offsetend="750" sl="98" fileid="2" />
                <BranchPoint vc="0" uspid="107" ordinal="59" path="0" offset="765" offsetend="767" sl="107" fileid="2" />
                <BranchPoint vc="0" uspid="107" ordinal="60" path="1" offset="765" offsetend="794" sl="107" fileid="2" />
                <BranchPoint vc="0" uspid="110" ordinal="61" path="0" offset="806" offsetend="808" sl="110" fileid="2" />
                <BranchPoint vc="0" uspid="110" ordinal="62" path="1" offset="806" offsetend="822" sl="110" fileid="2" />
                <BranchPoint vc="0" uspid="110" ordinal="63" path="0" offset="827" offsetend="829" sl="110" fileid="2" />
                <BranchPoint vc="0" uspid="110" ordinal="64" path="1" offset="827" offsetend="853" sl="110" fileid="2" />
                <BranchPoint vc="0" uspid="113" ordinal="65" path="0" offset="865" offsetend="867" sl="113" fileid="2" />
                <BranchPoint vc="0" uspid="113" ordinal="66" path="1" offset="865" offsetend="881" sl="113" fileid="2" />
                <BranchPoint vc="0" uspid="113" ordinal="67" path="0" offset="886" offsetend="888" sl="113" fileid="2" />
                <BranchPoint vc="0" uspid="113" ordinal="68" path="1" offset="886" offsetend="910" sl="113" fileid="2" />
                <BranchPoint vc="0" uspid="96" ordinal="48" path="1" offset="615" offsetend="913" sl="96" fileid="2" />
                <BranchPoint vc="0" uspid="94" ordinal="44" path="1" offset="563" offsetend="951" sl="94" fileid="2" />
                <BranchPoint vc="0" uspid="22" ordinal="1" path="1" offset="31" offsetend="952" sl="22" fileid="2" />
              </BranchPoints>
              <MethodPoint vc="0" uspid="0" p8:type="SequencePoint" ordinal="0" offset="0" sc="0" sl="13" ec="1" el="134" bec="0" bev="0" fileid="2" xmlns:p8="xsi" />
            </Method>
            <Method cyclomaticComplexity="30" nPathComplexity="0" sequenceCoverage="0" branchCoverage="0" isConstructor="False" isGetter="False" isSetter="False" isStatic="True">
              <Summary numSequencePoints="44" visitedSequencePoints="0" numBranchPoints="30" visitedBranchPoints="0" sequenceCoverage="0" branchCoverage="0" maxCyclomaticComplexity="30" minCyclomaticComplexity="30" visitedClasses="0" numClasses="0" visitedMethods="0" numMethods="1" />
              <MetadataToken />
              <Name>System.String ChequeEmExtenso.ConsoleApp.Controlador::ConverterParaExtenso(System.String)</Name>
              <FileRef uid="2" />
              <SequencePoints>
                <SequencePoint vc="0" uspid="137" ordinal="0" sl="137" sc="1" el="137" ec="2" bec="0" bev="0" fileid="2" />
                <SequencePoint vc="0" uspid="138" ordinal="1" sl="138" sc="1" el="138" ec="2" bec="0" bev="0" fileid="2" />
                <SequencePoint vc="0" uspid="139" ordinal="2" sl="139" sc="1" el="139" ec="2" bec="0" bev="0" fileid="2" />
                <SequencePoint vc="0" uspid="140" ordinal="3" sl="140" sc="1" el="140" ec="2" bec="0" bev="0" fileid="2" />
                <SequencePoint vc="0" uspid="141" ordinal="4" sl="141" sc="1" el="141" ec="2" bec="0" bev="0" fileid="2" />
                <SequencePoint vc="0" uspid="143" ordinal="5" sl="143" sc="1" el="143" ec="2" bec="0" bev="0" fileid="2" />
                <SequencePoint vc="0" uspid="144" ordinal="6" sl="144" sc="1" el="144" ec="2" bec="0" bev="0" fileid="2" />
                <SequencePoint vc="0" uspid="145" ordinal="7" sl="145" sc="1" el="145" ec="2" bec="2" bev="0" fileid="2" />
                <SequencePoint vc="0" uspid="146" ordinal="8" sl="146" sc="1" el="146" ec="2" bec="0" bev="0" fileid="2" />
                <SequencePoint vc="0" uspid="147" ordinal="9" sl="147" sc="1" el="147" ec="2" bec="0" bev="0" fileid="2" />
                <SequencePoint vc="0" uspid="148" ordinal="10" sl="148" sc="1" el="148" ec="2" bec="0" bev="0" fileid="2" />
                <SequencePoint vc="0" uspid="149" ordinal="11" sl="149" sc="1" el="149" ec="2" bec="2" bev="0" fileid="2" />
                <SequencePoint vc="0" uspid="150" ordinal="12" sl="150" sc="1" el="150" ec="2" bec="0" bev="0" fileid="2" />
                <SequencePoint vc="0" uspid="151" ordinal="13" sl="151" sc="1" el="151" ec="2" bec="0" bev="0" fileid="2" />
                <SequencePoint vc="0" uspid="152" ordinal="14" sl="152" sc="1" el="152" ec="2" bec="0" bev="0" fileid="2" />
                <SequencePoint vc="0" uspid="153" ordinal="15" sl="153" sc="1" el="153" ec="2" bec="0" bev="0" fileid="2" />
                <SequencePoint vc="0" uspid="154" ordinal="16" sl="154" sc="1" el="154" ec="2" bec="0" bev="0" fileid="2" />
                <SequencePoint vc="0" uspid="155" ordinal="17" sl="155" sc="1" el="155" ec="2" bec="0" bev="0" fileid="2" />
                <SequencePoint vc="0" uspid="157" ordinal="18" sl="157" sc="1" el="157" ec="2" bec="8" bev="0" fileid="2" />
                <SequencePoint vc="0" uspid="158" ordinal="19" sl="158" sc="1" el="158" ec="2" bec="0" bev="0" fileid="2" />
                <SequencePoint vc="0" uspid="161" ordinal="20" sl="161" sc="1" el="161" ec="2" bec="0" bev="0" fileid="2" />
                <SequencePoint vc="0" uspid="163" ordinal="21" sl="163" sc="1" el="163" ec="2" bec="0" bev="0" fileid="2" />
                <SequencePoint vc="0" uspid="165" ordinal="22" sl="165" sc="1" el="165" ec="2" bec="0" bev="0" fileid="2" />
                <SequencePoint vc="0" uspid="167" ordinal="23" sl="167" sc="1" el="167" ec="2" bec="6" bev="0" fileid="2" />
                <SequencePoint vc="0" uspid="168" ordinal="24" sl="168" sc="1" el="168" ec="2" bec="0" bev="0" fileid="2" />
                <SequencePoint vc="0" uspid="169" ordinal="25" sl="169" sc="1" el="169" ec="2" bec="0" bev="0" fileid="2" />
                <SequencePoint vc="0" uspid="170" ordinal="26" sl="170" sc="1" el="170" ec="2" bec="0" bev="0" fileid="2" />
                <SequencePoint vc="0" uspid="172" ordinal="27" sl="172" sc="1" el="172" ec="2" bec="2" bev="0" fileid="2" />
                <SequencePoint vc="0" uspid="173" ordinal="28" sl="173" sc="1" el="173" ec="2" bec="0" bev="0" fileid="2" />
                <SequencePoint vc="0" uspid="174" ordinal="29" sl="174" sc="1" el="174" ec="2" bec="0" bev="0" fileid="2" />
                <SequencePoint vc="0" uspid="175" ordinal="30" sl="175" sc="1" el="175" ec="2" bec="2" bev="0" fileid="2" />
                <SequencePoint vc="0" uspid="176" ordinal="31" sl="176" sc="1" el="176" ec="2" bec="0" bev="0" fileid="2" />
                <SequencePoint vc="0" uspid="177" ordinal="32" sl="177" sc="1" el="177" ec="2" bec="0" bev="0" fileid="2" />
                <SequencePoint vc="0" uspid="180" ordinal="33" sl="180" sc="1" el="180" ec="2" bec="2" bev="0" fileid="2" />
                <SequencePoint vc="0" uspid="181" ordinal="34" sl="181" sc="1" el="181" ec="2" bec="0" bev="0" fileid="2" />
                <SequencePoint vc="0" uspid="182" ordinal="35" sl="182" sc="1" el="182" ec="2" bec="2" bev="0" fileid="2" />
                <SequencePoint vc="0" uspid="183" ordinal="36" sl="183" sc="1" el="183" ec="2" bec="0" bev="0" fileid="2" />
                <SequencePoint vc="0" uspid="185" ordinal="37" sl="185" sc="1" el="185" ec="2" bec="2" bev="0" fileid="2" />
                <SequencePoint vc="0" uspid="186" ordinal="38" sl="186" sc="1" el="186" ec="2" bec="0" bev="0" fileid="2" />
                <SequencePoint vc="0" uspid="187" ordinal="39" sl="187" sc="1" el="187" ec="2" bec="0" bev="0" fileid="2" />
                <SequencePoint vc="0" uspid="188" ordinal="40" sl="188" sc="1" el="188" ec="2" bec="2" bev="0" fileid="2" />
                <SequencePoint vc="0" uspid="189" ordinal="41" sl="189" sc="1" el="189" ec="2" bec="0" bev="0" fileid="2" />
                <SequencePoint vc="0" uspid="191" ordinal="42" sl="191" sc="1" el="191" ec="2" bec="0" bev="0" fileid="2" />
                <SequencePoint vc="0" uspid="192" ordinal="43" sl="192" sc="1" el="192" ec="2" bec="0" bev="0" fileid="2" />
              </SequencePoints>
              <BranchPoints>
                <BranchPoint vc="0" uspid="145" ordinal="0" path="0" offset="72" offsetend="74" sl="145" fileid="2" />
                <BranchPoint vc="0" uspid="149" ordinal="2" path="0" offset="109" offsetend="111" sl="149" fileid="2" />
                <BranchPoint vc="0" uspid="149" ordinal="3" path="1" offset="109" offsetend="135" sl="149" fileid="2" />
                <BranchPoint vc="0" uspid="145" ordinal="1" path="1" offset="72" offsetend="136" sl="145" fileid="2" />
                <BranchPoint vc="0" uspid="157" ordinal="4" path="0" offset="151" offsetend="153" sl="157" fileid="2" />
                <BranchPoint vc="0" uspid="157" ordinal="6" path="0" offset="174" offsetend="176" sl="157" fileid="2" />
                <BranchPoint vc="0" uspid="157" ordinal="8" path="0" offset="197" offsetend="199" sl="157" fileid="2" />
                <BranchPoint vc="0" uspid="157" ordinal="9" path="1" offset="197" offsetend="224" sl="157" fileid="2" />
                <BranchPoint vc="0" uspid="157" ordinal="7" path="1" offset="174" offsetend="227" sl="157" fileid="2" />
                <BranchPoint vc="0" uspid="157" ordinal="5" path="1" offset="151" offsetend="230" sl="157" fileid="2" />
                <BranchPoint vc="0" uspid="157" ordinal="10" path="0" offset="235" offsetend="237" sl="157" fileid="2" />
                <BranchPoint vc="0" uspid="157" ordinal="11" path="1" offset="235" offsetend="290" sl="157" fileid="2" />
                <BranchPoint vc="0" uspid="167" ordinal="12" path="0" offset="372" offsetend="374" sl="167" fileid="2" />
                <BranchPoint vc="0" uspid="167" ordinal="13" path="1" offset="372" offsetend="399" sl="167" fileid="2" />
                <BranchPoint vc="0" uspid="167" ordinal="14" path="0" offset="397" offsetend="399" sl="167" fileid="2" />
[...]
                <BranchPoint vc="0" uspid="52" ordinal="6" path="4" offset="23" offsetend="221" sl="52" fileid="3" />
                <BranchPoint vc="0" uspid="52" ordinal="7" path="5" offset="23" offsetend="232" sl="52" fileid="3" />
                <BranchPoint vc="0" uspid="52" ordinal="8" path="6" offset="23" offsetend="243" sl="52" fileid="3" />
                <BranchPoint vc="0" uspid="52" ordinal="9" path="7" offset="23" offsetend="254" sl="52" fileid="3" />
                <BranchPoint vc="0" uspid="52" ordinal="10" path="8" offset="23" offsetend="265" sl="52" fileid="3" />
                <BranchPoint vc="0" uspid="52" ordinal="11" path="9" offset="23" offsetend="276" sl="52" fileid="3" />
                <BranchPoint vc="0" uspid="52" ordinal="12" path="10" offset="23" offsetend="287" sl="52" fileid="3" />
                <BranchPoint vc="0" uspid="52" ordinal="13" path="11" offset="23" offsetend="298" sl="52" fileid="3" />
                <BranchPoint vc="0" uspid="52" ordinal="23" path="21" offset="23" offsetend="309" sl="52" fileid="3" />
                <BranchPoint vc="0" uspid="52" ordinal="25" path="1" offset="117" offsetend="320" sl="52" fileid="3" />
                <BranchPoint vc="0" uspid="52" ordinal="27" path="1" offset="127" offsetend="331" sl="52" fileid="3" />
                <BranchPoint vc="0" uspid="52" ordinal="31" path="1" offset="145" offsetend="339" sl="52" fileid="3" />
                <BranchPoint vc="0" uspid="52" ordinal="33" path="1" offset="155" offsetend="347" sl="52" fileid="3" />
                <BranchPoint vc="0" uspid="52" ordinal="35" path="1" offset="168" offsetend="355" sl="52" fileid="3" />
                <BranchPoint vc="0" uspid="52" ordinal="37" path="1" offset="178" offsetend="363" sl="52" fileid="3" />
                <BranchPoint vc="0" uspid="52" ordinal="14" path="12" offset="23" offsetend="371" sl="52" fileid="3" />
                <BranchPoint vc="0" uspid="52" ordinal="15" path="13" offset="23" offsetend="371" sl="52" fileid="3" />
                <BranchPoint vc="0" uspid="52" ordinal="16" path="14" offset="23" offsetend="371" sl="52" fileid="3" />
                <BranchPoint vc="0" uspid="52" ordinal="17" path="15" offset="23" offsetend="371" sl="52" fileid="3" />
                <BranchPoint vc="0" uspid="52" ordinal="18" path="16" offset="23" offsetend="371" sl="52" fileid="3" />
                <BranchPoint vc="0" uspid="52" ordinal="19" path="17" offset="23" offsetend="371" sl="52" fileid="3" />
                <BranchPoint vc="0" uspid="52" ordinal="20" path="18" offset="23" offsetend="371" sl="52" fileid="3" />
                <BranchPoint vc="0" uspid="52" ordinal="21" path="19" offset="23" offsetend="371" sl="52" fileid="3" />
                <BranchPoint vc="0" uspid="52" ordinal="22" path="20" offset="23" offsetend="371" sl="52" fileid="3" />
                <BranchPoint vc="0" uspid="52" ordinal="26" path="0" offset="127" offsetend="371" sl="52" fileid="3" />
                <BranchPoint vc="0" uspid="52" ordinal="32" path="0" offset="155" offsetend="371" sl="52" fileid="3" />
                <BranchPoint vc="0" uspid="52" ordinal="36" path="0" offset="178" offsetend="371" sl="52" fileid="3" />
                <BranchPoint vc="0" uspid="109" ordinal="38" path="0" offset="379" offsetend="381" sl="109" fileid="3" />
                <BranchPoint vc="0" uspid="111" ordinal="40" path="0" offset="397" offsetend="399" sl="111" fileid="3" />
                <BranchPoint vc="0" uspid="111" ordinal="41" path="1" offset="397" offsetend="415" sl="111" fileid="3" />
                <BranchPoint vc="0" uspid="109" ordinal="39" path="1" offset="379" offsetend="466" sl="109" fileid="3" />
              </BranchPoints>
              <MethodPoint vc="0" uspid="0" p8:type="SequencePoint" ordinal="1" offset="1" sc="0" sl="49" ec="1" el="121" bec="0" bev="0" fileid="3" xmlns:p8="xsi" />
            </Method>
          </Methods>
        </Class>
        <Class>
          <Summary numSequencePoints="38" visitedSequencePoints="0" numBranchPoints="8" visitedBranchPoints="0" sequenceCoverage="0" branchCoverage="0" maxCyclomaticComplexity="4" minCyclomaticComplexity="1" visitedClasses="0" numClasses="1" visitedMethods="0" numMethods="4" />
          <FullName>ChequeEmExtenso.ConsoleApp.Excecoes</FullName>
          <Methods>
            <Method cyclomaticComplexity="4" nPathComplexity="0" sequenceCoverage="0" branchCoverage="0" isConstructor="False" isGetter="False" isSetter="False" isStatic="True">
              <Summary numSequencePoints="11" visitedSequencePoints="0" numBranchPoints="4" visitedBranchPoints="0" sequenceCoverage="0" branchCoverage="0" maxCyclomaticComplexity="4" minCyclomaticComplexity="4" visitedClasses="0" numClasses="0" visitedMethods="0" numMethods="1" />
              <MetadataToken />
              <Name>System.Boolean ChequeEmExtenso.ConsoleApp.Excecoes::Validar(System.String)</Name>
              <FileRef uid="4" />
              <SequencePoints>
                <SequencePoint vc="0" uspid="9" ordinal="0" sl="9" sc="1" el="9" ec="2" bec="0" bev="0" fileid="4" />
                <SequencePoint vc="0" uspid="10" ordinal="1" sl="10" sc="1" el="10" ec="2" bec="0" bev="0" fileid="4" />
                <SequencePoint vc="0" uspid="12" ordinal="2" sl="12" sc="1" el="12" ec="2" bec="0" bev="0" fileid="4" />
                <SequencePoint vc="0" uspid="13" ordinal="3" sl="13" sc="1" el="13" ec="2" bec="2" bev="0" fileid="4" />
                <SequencePoint vc="0" uspid="14" ordinal="4" sl="14" sc="1" el="14" ec="2" bec="0" bev="0" fileid="4" />
                <SequencePoint vc="0" uspid="16" ordinal="5" sl="16" sc="1" el="16" ec="2" bec="0" bev="0" fileid="4" />
                <SequencePoint vc="0" uspid="17" ordinal="6" sl="17" sc="1" el="17" ec="2" bec="2" bev="0" fileid="4" />
                <SequencePoint vc="0" uspid="18" ordinal="7" sl="18" sc="1" el="18" ec="2" bec="0" bev="0" fileid="4" />
                <SequencePoint vc="0" uspid="20" ordinal="8" sl="20" sc="1" el="20" ec="2" bec="0" bev="0" fileid="4" />
                <SequencePoint vc="0" uspid="22" ordinal="9" sl="22" sc="1" el="22" ec="2" bec="0" bev="0" fileid="4" />
                <SequencePoint vc="0" uspid="23" ordinal="10" sl="23" sc="1" el="23" ec="2" bec="0" bev="0" fileid="4" />
              </SequencePoints>
              <BranchPoints>
                <BranchPoint vc="0" uspid="13" ordinal="0" path="0" offset="17" offsetend="19" sl="13" fileid="4" />
                <BranchPoint vc="0" uspid="13" ordinal="1" path="1" offset="17" offsetend="23" sl="13" fileid="4" />
                <BranchPoint vc="0" uspid="17" ordinal="2" path="0" offset="37" offsetend="39" sl="17" fileid="4" />
                <BranchPoint vc="0" uspid="17" ordinal="3" path="1" offset="37" offsetend="43" sl="17" fileid="4" />
              </BranchPoints>
              <MethodPoint vc="0" uspid="0" p8:type="SequencePoint" ordinal="0" offset="0" sc="0" sl="9" ec="1" el="23" bec="0" bev="0" fileid="4" xmlns:p8="xsi" />
            </Method>
            <Method cyclomaticComplexity="2" nPathComplexity="0" sequenceCoverage="0" branchCoverage="0" isConstructor="False" isGetter="False" isSetter="False" isStatic="True">
              <Summary numSequencePoints="8" visitedSequencePoints="0" numBranchPoints="2" visitedBranchPoints="0" sequenceCoverage="0" branchCoverage="0" maxCyclomaticComplexity="2" minCyclomaticComplexity="2" visitedClasses="0" numClasses="0" visitedMethods="0" numMethods="1" />
              <MetadataToken />
              <Name>System.Boolean ChequeEmExtenso.ConsoleApp.Excecoes::ValidarVirgula(System.String)</Name>
              <FileRef uid="4" />
              <SequencePoints>
                <SequencePoint vc="0" uspid="26" ordinal="0" sl="26" sc="1" el="26" ec="2" bec="0" bev="0" fileid="4" />
                <SequencePoint vc="0" uspid="27" ordinal="1" sl="27" sc="1" el="27" ec="2" bec="2" bev="0" fileid="4" />
                <SequencePoint vc="0" uspid="28" ordinal="2" sl="28" sc="1" el="28" ec="2" bec="0" bev="0" fileid="4" />
                <SequencePoint vc="0" uspid="29" ordinal="3" sl="29" sc="1" el="29" ec="2" bec="0" bev="0" fileid="4" />
                <SequencePoint vc="0" uspid="30" ordinal="4" sl="30" sc="1" el="30" ec="2" bec="0" bev="0" fileid="4" />
                <SequencePoint vc="0" uspid="31" ordinal="5" sl="31" sc="1" el="31" ec="2" bec="0" bev="0" fileid="4" />
                <SequencePoint vc="0" uspid="33" ordinal="6" sl="33" sc="1" el="33" ec="2" bec="0" bev="0" fileid="4" />
                <SequencePoint vc="0" uspid="34" ordinal="7" sl="34" sc="1" el="34" ec="2" bec="0" bev="0" fileid="4" />
              </SequencePoints>
              <BranchPoints>
                <BranchPoint vc="0" uspid="27" ordinal="0" path="0" offset="17" offsetend="19" sl="27" fileid="4" />
                <BranchPoint vc="0" uspid="27" ordinal="1" path="1" offset="17" offsetend="41" sl="27" fileid="4" />
              </BranchPoints>
              <MethodPoint vc="0" uspid="0" p8:type="SequencePoint" ordinal="1" offset="1" sc="0" sl="26" ec="1" el="34" bec="0" bev="0" fileid="4" xmlns:p8="xsi" />
            </Method>
            <Method cyclomaticComplexity="2" nPathComplexity="0" sequenceCoverage="0" branchCoverage="0" isConstructor="False" isGetter="False" isSetter="False" isStatic="True">
              <Summary numSequencePoints="8" visitedSequencePoints="0" numBranchPoints="2" visitedBranchPoints="0" sequenceCoverage="0" branchCoverage="0" maxCyclomaticComplexity="2" minCyclomaticComplexity="2" visitedClasses="0" numClasses="0" visitedMethods="0" numMethods="1" />
              <MetadataToken />
              <Name>System.Boolean ChequeEmExtenso.ConsoleApp.Excecoes::ValidarQuantia(System.String)</Name>
              <FileRef uid="4" />
              <SequencePoints>
                <SequencePoint vc="0" uspid="37" ordinal="0" sl="37" sc="1" el="37" ec="2" bec="0" bev="0" fileid="4" />
                <SequencePoint vc="0" uspid="38" ordinal="1" sl="38" sc="1" el="38" ec="2" bec="2" bev="0" fileid="4" />
                <SequencePoint vc="0" uspid="39" ordinal="2" sl="39" sc="1" el="39" ec="2" bec="0" bev="0" fileid="4" />
                <SequencePoint vc="0" uspid="40" ordinal="3" sl="40" sc="1" el="40" ec="2" bec="0" bev="0" fileid="4" />
                <SequencePoint vc="0" uspid="41" ordinal="4" sl="41" sc="1" el="41" ec="2" bec="0" bev="0" fileid="4" />
                <SequencePoint vc="0" uspid="42" ordinal="5" sl="42" sc="1" el="42" ec="2" bec="0" bev="0" fileid="4" />
                <SequencePoint vc="0" uspid="44" ordinal="6" sl="44" sc="1" el="44" ec="2" bec="0" bev="0" fileid="4" />
                <SequencePoint vc="0" uspid="45" ordinal="7" sl="45" sc="1" el="45" ec="2" bec="0" bev="0" fileid="4" />
              </SequencePoints>
              <BranchPoints>
                <BranchPoint vc="0" uspid="38" ordinal="0" path="0" offset="23" offsetend="25" sl="38" fileid="4" />
                <BranchPoint vc="0" uspid="38" ordinal="1" path="1" offset="23" offsetend="47" sl="38" fileid="4" />
              </BranchPoints>
              <MethodPoint vc="0" uspid="0" p8:type="SequencePoint" ordinal="2" offset="2" sc="0" sl="37" ec="1" el="45" bec="0" bev="0" fileid="4" xmlns:p8="xsi" />
            </Method>
            <Method cyclomaticComplexity="1" nPathComplexity="0" sequenceCoverage="0" branchCoverage="100" isConstructor="False" isGetter="False" isSetter="False" isStatic="True">
              <Summary numSequencePoints="11" visitedSequencePoints="0" numBranchPoints="0" visitedBranchPoints="0" sequenceCoverage="0" branchCoverage="100" maxCyclomaticComplexity="1" minCyclomaticComplexity="1" visitedClasses="0" numClasses="0" visitedMethods="0" numMethods="1" />
              <MetadataToken />
              <Name>System.Boolean ChequeEmExtenso.ConsoleApp.Excecoes::ValidarFormato(System.String)</Name>
              <FileRef uid="4" />
              <SequencePoints>
                <SequencePoint vc="0" uspid="48" ordinal="0" sl="48" sc="1" el="48" ec="2" bec="0" bev="0" fileid="4" />
                <SequencePoint vc="0" uspid="50" ordinal="1" sl="50" sc="1" el="50" ec="2" bec="0" bev="0" fileid="4" />
                <SequencePoint vc="0" uspid="51" ordinal="2" sl="51" sc="1" el="51" ec="2" bec="0" bev="0" fileid="4" />
                <SequencePoint vc="0" uspid="52" ordinal="3" sl="52" sc="1" el="52" ec="2" bec="0" bev="0" fileid="4" />
                <SequencePoint vc="0" uspid="53" ordinal="4" sl="53" sc="1" el="53" ec="2" bec="0" bev="0" fileid="4" />
                <SequencePoint vc="0" uspid="54" ordinal="5" sl="54" sc="1" el="54" ec="2" bec="0" bev="0" fileid="4" />
                <SequencePoint vc="0" uspid="55" ordinal="6" sl="55" sc="1" el="55" ec="2" bec="0" bev="0" fileid="4" />
                <SequencePoint vc="0" uspid="56" ordinal="7" sl="56" sc="1" el="56" ec="2" bec="0" bev="0" fileid="4" />
                <SequencePoint vc="0" uspid="57" ordinal="8" sl="57" sc="1" el="57" ec="2" bec="0" bev="0" fileid="4" />
                <SequencePoint vc="0" uspid="59" ordinal="9" sl="59" sc="1" el="59" ec="2" bec="0" bev="0" fileid="4" />
                <SequencePoint vc="0" uspid="60" ordinal="10" sl="60" sc="1" el="60" ec="2" bec="0" bev="0" fileid="4" />
              </SequencePoints>
              <BranchPoints />
              <MethodPoint vc="0" uspid="0" p8:type="SequencePoint" ordinal="3" offset="3" sc="0" sl="48" ec="1" el="60" bec="0" bev="0" fileid="4" xmlns:p8="xsi" />
            </Method>
          </Methods>
        </Class>
        <Class>
          <Summary numSequencePoints="5" visitedSequencePoints="0" numBranchPoints="0" visitedBranchPoints="0" sequenceCoverage="0" branchCoverage="100" maxCyclomaticComplexity="1" minCyclomaticComplexity="1" visitedClasses="0" numClasses="1" visitedMethods="0" numMethods="1" />
          <FullName>ChequeEmExtenso.ConsoleApp.Program</FullName>
          <Methods>
            <Method cyclomaticComplexity="1" nPathComplexity="0" sequenceCoverage="0" branchCoverage="100" isConstructor="False" isGetter="False" isSetter="False" isStatic="True">
              <Summary numSequencePoints="5" visitedSequencePoints="0" numBranchPoints="0" visitedBranchPoints="0" sequenceCoverage="0" branchCoverage="100" maxCyclomaticComplexity="1" minCyclomaticComplexity="1" visitedClasses="0" numClasses="0" visitedMethods="0" numMethods="1" />
              <MetadataToken />
              <Name>System.Void ChequeEmExtenso.ConsoleApp.Program::Main(System.String[])</Name>
              <FileRef uid="5" />
              <SequencePoints>
                <SequencePoint vc="0" uspid="8" ordinal="0" sl="8" sc="1" el="8" ec="2" bec="0" bev="0" fileid="5" />
                <SequencePoint vc="0" uspid="10" ordinal="1" sl="10" sc="1" el="10" ec="2" bec="0" bev="0" fileid="5" />
                <SequencePoint vc="0" uspid="11" ordinal="2" sl="11" sc="1" el="11" ec="2" bec="0" bev="0" fileid="5" />
                <SequencePoint vc="0" uspid="12" ordinal="3" sl="12" sc="1" el="12" ec="2" bec="0" bev="0" fileid="5" />
                <SequencePoint vc="0" uspid="13" ordinal="4" sl="13" sc="1" el="13" ec="2" bec="0" bev="0" fileid="5" />
              </SequencePoints>
              <BranchPoints />
              <MethodPoint vc="0" uspid="0" p8:type="SequencePoint" ordinal="0" offset="0" sc="0" sl="8" ec="1" el="13" bec="0" bev="0" fileid="5" xmlns:p8="xsi" />
            </Method>
          </Methods>
        </Class>
        <Class>
          <Summary numSequencePoints="15" visitedSequencePoints="0" numBranchPoints="2" visitedBranchPoints="0" sequenceCoverage="0" branchCoverage="0" maxCyclomaticComplexity="2" minCyclomaticComplexity="1" visitedClasses="0" numClasses="1" visitedMethods="0" numMethods="2" />
          <FullName>ChequeEmExtenso.ConsoleApp.Tela</FullName>
          <Methods>
            <Method cyclomaticComplexity="2" nPathComplexity="0" sequenceCoverage="0" branchCoverage="0" isConstructor="False" isGetter="False" isSetter="False" isStatic="True">
              <Summary numSequencePoints="13" visitedSequencePoints="0" numBranchPoints="2" visitedBranchPoints="0" sequenceCoverage="0" branchCoverage="0" maxCyclomaticComplexity="2" minCyclomaticComplexity="2" visitedClasses="0" numClasses="0" visitedMethods="0" numMethods="1" />
              <MetadataToken />
              <Name>System.Void ChequeEmExtenso.ConsoleApp.Tela::CriarCheque()</Name>
              <FileRef uid="6" />
              <SequencePoints>
                <SequencePoint vc="0" uspid="14" ordinal="0" sl="14" sc="1" el="14" ec="2" bec="0" bev="0" fileid="6" />
                <SequencePoint vc="0" uspid="15" ordinal="1" sl="15" sc="1" el="15" ec="2" bec="0" bev="0" fileid="6" />
                <SequencePoint vc="0" uspid="18" ordinal="2" sl="18" sc="1" el="18" ec="2" bec="0" bev="0" fileid="6" />
                <SequencePoint vc="0" uspid="20" ordinal="3" sl="20" sc="1" el="20" ec="2" bec="0" bev="0" fileid="6" />
                <SequencePoint vc="0" uspid="21" ordinal="4" sl="21" sc="1" el="21" ec="2" bec="0" bev="0" fileid="6" />
                <SequencePoint vc="0" uspid="23" ordinal="5" sl="23" sc="1" el="23" ec="2" bec="0" bev="0" fileid="6" />
                <SequencePoint vc="0" uspid="25" ordinal="6" sl="25" sc="1" el="25" ec="2" bec="2" bev="0" fileid="6" />
                <SequencePoint vc="0" uspid="26" ordinal="7" sl="26" sc="1" el="26" ec="2" bec="0" bev="0" fileid="6" />
                <SequencePoint vc="0" uspid="27" ordinal="8" sl="27" sc="1" el="27" ec="2" bec="0" bev="0" fileid="6" />
                <SequencePoint vc="0" uspid="28" ordinal="9" sl="28" sc="1" el="28" ec="2" bec="0" bev="0" fileid="6" />
                <SequencePoint vc="0" uspid="29" ordinal="10" sl="29" sc="1" el="29" ec="2" bec="0" bev="0" fileid="6" />
                <SequencePoint vc="0" uspid="32" ordinal="11" sl="32" sc="1" el="32" ec="2" bec="0" bev="0" fileid="6" />
                <SequencePoint vc="0" uspid="35" ordinal="12" sl="35" sc="1" el="35" ec="2" bec="0" bev="0" fileid="6" />
              </SequencePoints>
              <BranchPoints>
                <BranchPoint vc="0" uspid="25" ordinal="0" path="0" offset="42" offsetend="44" sl="25" fileid="6" />
                <BranchPoint vc="0" uspid="25" ordinal="1" path="1" offset="42" offsetend="68" sl="25" fileid="6" />
              </BranchPoints>
              <MethodPoint vc="0" uspid="0" p8:type="SequencePoint" ordinal="0" offset="0" sc="0" sl="14" ec="1" el="35" bec="0" bev="0" fileid="6" xmlns:p8="xsi" />
            </Method>
            <Method cyclomaticComplexity="1" nPathComplexity="0" sequenceCoverage="0" branchCoverage="100" isConstructor="True" isGetter="False" isSetter="False" isStatic="True">
              <Summary numSequencePoints="2" visitedSequencePoints="0" numBranchPoints="0" visitedBranchPoints="0" sequenceCoverage="0" branchCoverage="100" maxCyclomaticComplexity="1" minCyclomaticComplexity="1" visitedClasses="0" numClasses="0" visitedMethods="0" numMethods="1" />
              <MetadataToken />
              <Name>System.Void ChequeEmExtenso.ConsoleApp.Tela::.ctor()</Name>
              <FileRef uid="6" />
              <SequencePoints>
                <SequencePoint vc="0" uspid="11" ordinal="0" sl="11" sc="1" el="11" ec="2" bec="0" bev="0" fileid="6" />
                <SequencePoint vc="0" uspid="12" ordinal="1" sl="12" sc="1" el="12" ec="2" bec="0" bev="0" fileid="6" />
              </SequencePoints>
              <BranchPoints />
              <MethodPoint vc="0" uspid="0" p8:type="SequencePoint" ordinal="1" offset="1" sc="0" sl="11" ec="1" el="12" bec="0" bev="0" fileid="6" xmlns:p8="xsi" />
            </Method>
          </Methods>
        </Class>
      </Classes>
    </Module>
  </Modules>
</CoverageSession>